<?xml version="1.0" ?>
<!DOCTYPE coverage SYSTEM "http://cobertura.sourceforge.net/xml/coverage-04.dtd">
<coverage lines-valid="268" lines-covered="215" line-rate="0.8022" branches-valid="106" branches-covered="73" branch-rate="0.6886" timestamp="1703669989028" complexity="0" version="0.1">
  <sources>
    <source>D:\Albiorix\shopping-cart</source>
  </sources>
  <packages>
    <package name="authentication" line-rate="0.7777" branch-rate="0.7777">
      <classes>
        <class name="Auth.tsx" filename="src\components\authentication\Auth.tsx" line-rate="1" branch-rate="1">
          <methods>
            <method name="(anonymous_0)" hits="17" signature="()V">
              <lines>
                <line number="3" hits="17"/>
              </lines>
            </method>
          </methods>
          <lines>
            <line number="3" hits="5" branch="false"/>
            <line number="4" hits="17" branch="false"/>
          </lines>
        </class>
        <class name="LoginForm.tsx" filename="src\components\authentication\LoginForm.tsx" line-rate="0.8946999999999999" branch-rate="0.75">
          <methods>
            <method name="(anonymous_0)" hits="11" signature="()V">
              <lines>
                <line number="7" hits="11"/>
              </lines>
            </method>
            <method name="(anonymous_1)" hits="2" signature="()V">
              <lines>
                <line number="13" hits="2"/>
              </lines>
            </method>
            <method name="(anonymous_2)" hits="2" signature="()V">
              <lines>
                <line number="15" hits="2"/>
              </lines>
            </method>
            <method name="(anonymous_3)" hits="1" signature="()V">
              <lines>
                <line number="22" hits="1"/>
              </lines>
            </method>
            <method name="(anonymous_4)" hits="1" signature="()V">
              <lines>
                <line number="25" hits="1"/>
              </lines>
            </method>
            <method name="(anonymous_5)" hits="1" signature="()V">
              <lines>
                <line number="34" hits="1"/>
              </lines>
            </method>
          </methods>
          <lines>
            <line number="7" hits="5" branch="false"/>
            <line number="8" hits="11" branch="false"/>
            <line number="9" hits="11" branch="false"/>
            <line number="11" hits="11" branch="false"/>
            <line number="13" hits="11" branch="false"/>
            <line number="14" hits="2" branch="false"/>
            <line number="15" hits="2" branch="false"/>
            <line number="20" hits="11" branch="false"/>
            <line number="22" hits="11" branch="false"/>
            <line number="23" hits="1" branch="false"/>
            <line number="24" hits="1" branch="false"/>
            <line number="26" hits="1" branch="true" condition-coverage="50% (1/2)"/>
            <line number="27" hits="0" branch="false"/>
            <line number="28" hits="0" branch="false"/>
            <line number="30" hits="1" branch="false"/>
            <line number="31" hits="1" branch="false"/>
            <line number="32" hits="1" branch="false"/>
            <line number="35" hits="1" branch="false"/>
            <line number="39" hits="11" branch="false"/>
          </lines>
        </class>
        <class name="ProtectedRoute.tsx" filename="src\components\authentication\ProtectedRoute.tsx" line-rate="0.8332999999999999" branch-rate="0.6666">
          <methods>
            <method name="(anonymous_0)" hits="3" signature="()V">
              <lines>
                <line number="3" hits="3"/>
              </lines>
            </method>
          </methods>
          <lines>
            <line number="3" hits="2" branch="false"/>
            <line number="4" hits="3" branch="false"/>
            <line number="5" hits="3" branch="true" condition-coverage="50% (1/2)"/>
            <line number="6" hits="3" branch="false"/>
            <line number="7" hits="3" branch="true" condition-coverage="75% (3/4)"/>
            <line number="13" hits="0" branch="false"/>
          </lines>
        </class>
        <class name="SignUpForm.tsx" filename="src\components\authentication\SignUpForm.tsx" line-rate="0.64" branch-rate="0.8181">
          <methods>
            <method name="(anonymous_0)" hits="14" signature="()V">
              <lines>
                <line number="9" hits="14"/>
              </lines>
            </method>
            <method name="(anonymous_1)" hits="0" signature="()V">
              <lines>
                <line number="25" hits="0"/>
              </lines>
            </method>
            <method name="(anonymous_2)" hits="0" signature="()V">
              <lines>
                <line number="37" hits="0"/>
              </lines>
            </method>
            <method name="(anonymous_3)" hits="0" signature="()V">
              <lines>
                <line number="45" hits="0"/>
              </lines>
            </method>
            <method name="(anonymous_4)" hits="4" signature="()V">
              <lines>
                <line number="56" hits="4"/>
              </lines>
            </method>
            <method name="(anonymous_5)" hits="2" signature="()V">
              <lines>
                <line number="65" hits="2"/>
              </lines>
            </method>
            <method name="(anonymous_6)" hits="2" signature="()V">
              <lines>
                <line number="67" hits="2"/>
              </lines>
            </method>
          </methods>
          <lines>
            <line number="9" hits="5" branch="false"/>
            <line number="11" hits="14" branch="false"/>
            <line number="12" hits="14" branch="false"/>
            <line number="18" hits="14" branch="false"/>
            <line number="25" hits="14" branch="false"/>
            <line number="26" hits="0" branch="false"/>
            <line number="28" hits="0" branch="false"/>
            <line number="36" hits="0" branch="false"/>
            <line number="38" hits="0" branch="true" condition-coverage="0% (0/2)"/>
            <line number="39" hits="0" branch="false"/>
            <line number="40" hits="0" branch="false"/>
            <line number="42" hits="0" branch="false"/>
            <line number="43" hits="0" branch="false"/>
            <line number="46" hits="0" branch="false"/>
            <line number="52" hits="14" branch="false"/>
            <line number="54" hits="14" branch="false"/>
            <line number="56" hits="14" branch="false"/>
            <line number="57" hits="4" branch="false"/>
            <line number="59" hits="4" branch="false"/>
            <line number="62" hits="4" branch="false"/>
            <line number="64" hits="4" branch="true" condition-coverage="100% (2/2)"/>
            <line number="65" hits="2" branch="false"/>
            <line number="66" hits="2" branch="true" condition-coverage="50% (1/2)"/>
            <line number="67" hits="2" branch="false"/>
            <line number="71" hits="14" branch="false"/>
          </lines>
        </class>
        <class name="formSchema.tsx" filename="src\components\authentication\formSchema.tsx" line-rate="1" branch-rate="1">
          <methods>
            <method name="(anonymous_0)" hits="1" signature="()V">
              <lines>
                <line number="54" hits="1"/>
              </lines>
            </method>
          </methods>
          <lines>
            <line number="11" hits="5" branch="false"/>
            <line number="54" hits="1" branch="false"/>
          </lines>
        </class>
      </classes>
    </package>
    <package name="cart" line-rate="0.8887999999999999" branch-rate="0.7">
      <classes>
        <class name="CartItem.tsx" filename="src\components\cart\CartItem.tsx" line-rate="0.875" branch-rate="0.5">
          <methods>
            <method name="(anonymous_0)" hits="19" signature="()V">
              <lines>
                <line number="19" hits="19"/>
              </lines>
            </method>
            <method name="(anonymous_1)" hits="1" signature="()V">
              <lines>
                <line number="30" hits="1"/>
              </lines>
            </method>
          </methods>
          <lines>
            <line number="19" hits="4" branch="false"/>
            <line number="28" hits="19" branch="false"/>
            <line number="30" hits="19" branch="false"/>
            <line number="31" hits="1" branch="false"/>
            <line number="32" hits="1" branch="false"/>
            <line number="33" hits="1" branch="false"/>
            <line number="34" hits="1" branch="false"/>
            <line number="35" hits="1" branch="true" condition-coverage="50% (1/2)"/>
            <line number="36" hits="1" branch="false"/>
            <line number="37" hits="1" branch="true" condition-coverage="50% (1/2)"/>
            <line number="38" hits="1" branch="false"/>
            <line number="39" hits="1" branch="false"/>
            <line number="45" hits="0" branch="false"/>
            <line number="46" hits="0" branch="false"/>
            <line number="50" hits="1" branch="false"/>
            <line number="54" hits="19" branch="false"/>
          </lines>
        </class>
        <class name="CartPage.tsx" filename="src\components\cart\CartPage.tsx" line-rate="0.9411" branch-rate="0.875">
          <methods>
            <method name="Cart" hits="34" signature="()V">
              <lines>
                <line number="11" hits="34"/>
              </lines>
            </method>
            <method name="(anonymous_1)" hits="50" signature="()V">
              <lines>
                <line number="13" hits="50"/>
              </lines>
            </method>
            <method name="(anonymous_2)" hits="6" signature="()V">
              <lines>
                <line number="19" hits="6"/>
              </lines>
            </method>
            <method name="(anonymous_3)" hits="6" signature="()V">
              <lines>
                <line number="20" hits="6"/>
              </lines>
            </method>
            <method name="(anonymous_4)" hits="19" signature="()V">
              <lines>
                <line number="50" hits="19"/>
              </lines>
            </method>
          </methods>
          <lines>
            <line number="12" hits="34" branch="false"/>
            <line number="13" hits="50" branch="false"/>
            <line number="14" hits="34" branch="false"/>
            <line number="15" hits="34" branch="false"/>
            <line number="17" hits="34" branch="false"/>
            <line number="19" hits="34" branch="false"/>
            <line number="20" hits="6" branch="false"/>
            <line number="21" hits="6" branch="false"/>
            <line number="22" hits="6" branch="false"/>
            <line number="23" hits="6" branch="false"/>
            <line number="24" hits="6" branch="true" condition-coverage="50% (1/2)"/>
            <line number="25" hits="6" branch="false"/>
            <line number="28" hits="0" branch="false"/>
            <line number="30" hits="6" branch="false"/>
            <line number="33" hits="6" branch="false"/>
            <line number="35" hits="34" branch="false"/>
            <line number="51" hits="19" branch="false"/>
          </lines>
        </class>
        <class name="EmptyCart.tsx" filename="src\components\cart\EmptyCart.tsx" line-rate="1" branch-rate="1">
          <methods>
            <method name="EmptyCart" hits="3" signature="()V">
              <lines>
                <line number="3" hits="3"/>
              </lines>
            </method>
          </methods>
          <lines>
            <line number="4" hits="3" branch="false"/>
          </lines>
        </class>
        <class name="UpdateItemQuantity.tsx" filename="src\components\cart\UpdateItemQuantity.tsx" line-rate="0.862" branch-rate="0.625">
          <methods>
            <method name="(anonymous_0)" hits="51" signature="()V">
              <lines>
                <line number="15" hits="51"/>
              </lines>
            </method>
            <method name="(anonymous_1)" hits="2" signature="()V">
              <lines>
                <line number="23" hits="2"/>
              </lines>
            </method>
            <method name="(anonymous_2)" hits="2" signature="()V">
              <lines>
                <line number="45" hits="2"/>
              </lines>
            </method>
          </methods>
          <lines>
            <line number="15" hits="8" branch="false"/>
            <line number="21" hits="51" branch="false"/>
            <line number="23" hits="51" branch="false"/>
            <line number="24" hits="2" branch="false"/>
            <line number="25" hits="2" branch="false"/>
            <line number="26" hits="2" branch="false"/>
            <line number="27" hits="2" branch="false"/>
            <line number="28" hits="2" branch="true" condition-coverage="100% (2/2)"/>
            <line number="29" hits="1" branch="false"/>
            <line number="30" hits="1" branch="true" condition-coverage="50% (1/2)"/>
            <line number="31" hits="1" branch="false"/>
            <line number="32" hits="1" branch="false"/>
            <line number="38" hits="0" branch="false"/>
            <line number="39" hits="0" branch="false"/>
            <line number="41" hits="2" branch="false"/>
            <line number="45" hits="51" branch="false"/>
            <line number="46" hits="2" branch="false"/>
            <line number="47" hits="2" branch="false"/>
            <line number="48" hits="2" branch="false"/>
            <line number="49" hits="2" branch="false"/>
            <line number="50" hits="2" branch="true" condition-coverage="50% (1/2)"/>
            <line number="51" hits="2" branch="false"/>
            <line number="52" hits="2" branch="true" condition-coverage="50% (1/2)"/>
            <line number="53" hits="2" branch="false"/>
            <line number="54" hits="2" branch="false"/>
            <line number="60" hits="0" branch="false"/>
            <line number="61" hits="0" branch="false"/>
            <line number="63" hits="2" branch="false"/>
            <line number="67" hits="51" branch="false"/>
          </lines>
        </class>
      </classes>
    </package>
    <package name="main-app" line-rate="0.9062" branch-rate="0.3333">
      <classes>
        <class name="Hero.tsx" filename="src\components\main-app\Hero.tsx" line-rate="1" branch-rate="1">
          <methods>
            <method name="(anonymous_0)" hits="8" signature="()V">
              <lines>
                <line number="1" hits="8"/>
              </lines>
            </method>
          </methods>
          <lines>
            <line number="1" hits="4" branch="false"/>
            <line number="2" hits="8" branch="false"/>
          </lines>
        </class>
        <class name="MainApp.tsx" filename="src\components\main-app\MainApp.tsx" line-rate="0.9" branch-rate="0.3333">
          <methods>
            <method name="(anonymous_0)" hits="8" signature="()V">
              <lines>
                <line number="10" hits="8"/>
              </lines>
            </method>
            <method name="handleResize" hits="0" signature="()V">
              <lines>
                <line number="13" hits="0"/>
              </lines>
            </method>
            <method name="(anonymous_2)" hits="8" signature="()V">
              <lines>
                <line number="19" hits="8"/>
              </lines>
            </method>
            <method name="(anonymous_3)" hits="8" signature="()V">
              <lines>
                <line number="21" hits="8"/>
              </lines>
            </method>
            <method name="(anonymous_4)" hits="8" signature="()V">
              <lines>
                <line number="24" hits="8"/>
              </lines>
            </method>
            <method name="(anonymous_5)" hits="9" signature="()V">
              <lines>
                <line number="31" hits="9"/>
              </lines>
            </method>
            <method name="(anonymous_6)" hits="8" signature="()V">
              <lines>
                <line number="50" hits="8"/>
              </lines>
            </method>
            <method name="(anonymous_7)" hits="8" signature="()V">
              <lines>
                <line number="55" hits="8"/>
              </lines>
            </method>
            <method name="(anonymous_8)" hits="8" signature="()V">
              <lines>
                <line number="56" hits="8"/>
              </lines>
            </method>
          </methods>
          <lines>
            <line number="10" hits="4" branch="false"/>
            <line number="11" hits="8" branch="false"/>
            <line number="14" hits="0" branch="false"/>
            <line number="17" hits="8" branch="false"/>
            <line number="19" hits="8" branch="false"/>
            <line number="20" hits="8" branch="false"/>
            <line number="21" hits="8" branch="false"/>
            <line number="24" hits="8" branch="false"/>
            <line number="25" hits="8" branch="false"/>
            <line number="26" hits="8" branch="false"/>
            <line number="27" hits="8" branch="false"/>
            <line number="31" hits="8" branch="false"/>
            <line number="32" hits="9" branch="false"/>
            <line number="34" hits="9" branch="true" condition-coverage="50% (1/2)"/>
            <line number="35" hits="0" branch="false"/>
            <line number="36" hits="0" branch="false"/>
            <line number="38" hits="9" branch="false"/>
            <line number="39" hits="9" branch="false"/>
            <line number="43" hits="8" branch="false"/>
            <line number="48" hits="8" branch="false"/>
            <line number="50" hits="8" branch="false"/>
            <line number="51" hits="8" branch="false"/>
            <line number="55" hits="8" branch="false"/>
            <line number="56" hits="8" branch="false"/>
            <line number="57" hits="8" branch="false"/>
            <line number="58" hits="8" branch="false"/>
            <line number="59" hits="7" branch="false"/>
            <line number="61" hits="1" branch="false"/>
            <line number="64" hits="8" branch="false"/>
            <line number="67" hits="8" branch="false"/>
          </lines>
        </class>
      </classes>
    </package>
    <package name="product" line-rate="0.7156" branch-rate="0.6666">
      <classes>
        <class name="CartOverview.tsx" filename="src\components\product\CartOverview.tsx" line-rate="1" branch-rate="1">
          <methods>
            <method name="(anonymous_0)" hits="16" signature="()V">
              <lines>
                <line number="5" hits="16"/>
              </lines>
            </method>
            <method name="(anonymous_1)" hits="39" signature="()V">
              <lines>
                <line number="6" hits="39"/>
              </lines>
            </method>
          </methods>
          <lines>
            <line number="5" hits="4" branch="false"/>
            <line number="6" hits="39" branch="false"/>
            <line number="8" hits="16" branch="false"/>
          </lines>
        </class>
        <class name="ProductItem.tsx" filename="src\components\product\ProductItem.tsx" line-rate="0.875" branch-rate="0.6666">
          <methods>
            <method name="(anonymous_0)" hits="358" signature="()V">
              <lines>
                <line number="23" hits="358"/>
              </lines>
            </method>
            <method name="(anonymous_1)" hits="7" signature="()V">
              <lines>
                <line number="40" hits="7"/>
              </lines>
            </method>
          </methods>
          <lines>
            <line number="23" hits="6" branch="false"/>
            <line number="34" hits="358" branch="true" condition-coverage="50% (1/2)"/>
            <line number="38" hits="358" branch="false"/>
            <line number="40" hits="358" branch="false"/>
            <line number="41" hits="7" branch="false"/>
            <line number="42" hits="7" branch="false"/>
            <line number="43" hits="7" branch="false"/>
            <line number="44" hits="7" branch="false"/>
            <line number="45" hits="7" branch="true" condition-coverage="50% (1/2)"/>
            <line number="46" hits="7" branch="false"/>
            <line number="47" hits="7" branch="false"/>
            <line number="48" hits="7" branch="false"/>
            <line number="53" hits="0" branch="false"/>
            <line number="54" hits="0" branch="false"/>
            <line number="56" hits="7" branch="false"/>
            <line number="60" hits="358" branch="false"/>
          </lines>
        </class>
        <class name="ProductList.tsx" filename="src\components\product\ProductList.tsx" line-rate="1" branch-rate="1">
          <methods>
            <method name="(anonymous_0)" hits="51" signature="()V">
              <lines>
                <line number="19" hits="51"/>
              </lines>
            </method>
            <method name="(anonymous_1)" hits="91" signature="()V">
              <lines>
                <line number="24" hits="91"/>
              </lines>
            </method>
            <method name="(anonymous_2)" hits="13" signature="()V">
              <lines>
                <line number="27" hits="13"/>
              </lines>
            </method>
            <method name="(anonymous_3)" hits="10" signature="()V">
              <lines>
                <line number="28" hits="10"/>
              </lines>
            </method>
            <method name="(anonymous_4)" hits="356" signature="()V">
              <lines>
                <line number="51" hits="356"/>
              </lines>
            </method>
            <method name="(anonymous_5)" hits="248" signature="()V">
              <lines>
                <line number="52" hits="248"/>
              </lines>
            </method>
          </methods>
          <lines>
            <line number="19" hits="6" branch="false"/>
            <line number="21" hits="51" branch="false"/>
            <line number="23" hits="51" branch="false"/>
            <line number="24" hits="91" branch="false"/>
            <line number="27" hits="51" branch="false"/>
            <line number="28" hits="13" branch="false"/>
            <line number="29" hits="10" branch="false"/>
            <line number="30" hits="10" branch="true" condition-coverage="100% (2/2)"/>
            <line number="31" hits="9" branch="true" condition-coverage="100% (2/2)"/>
            <line number="35" hits="7" branch="false"/>
            <line number="37" hits="2" branch="false"/>
            <line number="38" hits="2" branch="false"/>
            <line number="41" hits="13" branch="false"/>
            <line number="44" hits="13" branch="false"/>
            <line number="49" hits="51" branch="false"/>
            <line number="52" hits="356" branch="false"/>
            <line number="53" hits="356" branch="false"/>
          </lines>
        </class>
        <class name="ProductModal.tsx" filename="src\components\product\ProductModal.tsx" line-rate="0.5769" branch-rate="0.6666">
          <methods>
            <method name="(anonymous_0)" hits="51" signature="()V">
              <lines>
                <line number="16" hits="51"/>
              </lines>
            </method>
            <method name="(anonymous_1)" hits="91" signature="()V">
              <lines>
                <line number="24" hits="91"/>
              </lines>
            </method>
            <method name="(anonymous_2)" hits="926" signature="()V">
              <lines>
                <line number="25" hits="926"/>
              </lines>
            </method>
            <method name="(anonymous_3)" hits="91" signature="()V">
              <lines>
                <line number="28" hits="91"/>
              </lines>
            </method>
            <method name="(anonymous_4)" hits="31" signature="()V">
              <lines>
                <line number="32" hits="31"/>
              </lines>
            </method>
            <method name="(anonymous_5)" hits="1" signature="()V">
              <lines>
                <line number="38" hits="1"/>
              </lines>
            </method>
            <method name="(anonymous_6)" hits="0" signature="()V">
              <lines>
                <line number="43" hits="0"/>
              </lines>
            </method>
            <method name="(anonymous_7)" hits="1" signature="()V">
              <lines>
                <line number="73" hits="1"/>
              </lines>
            </method>
          </methods>
          <lines>
            <line number="16" hits="6" branch="false"/>
            <line number="22" hits="51" branch="false"/>
            <line number="24" hits="51" branch="false"/>
            <line number="25" hits="926" branch="false"/>
            <line number="28" hits="51" branch="false"/>
            <line number="29" hits="91" branch="false"/>
            <line number="32" hits="51" branch="false"/>
            <line number="34" hits="51" branch="true" condition-coverage="50% (1/2)"/>
            <line number="36" hits="51" branch="false"/>
            <line number="38" hits="51" branch="false"/>
            <line number="39" hits="1" branch="false"/>
            <line number="40" hits="1" branch="false"/>
            <line number="43" hits="51" branch="false"/>
            <line number="44" hits="0" branch="false"/>
            <line number="45" hits="0" branch="false"/>
            <line number="46" hits="0" branch="false"/>
            <line number="47" hits="0" branch="false"/>
            <line number="48" hits="0" branch="true" condition-coverage="0% (0/2)"/>
            <line number="49" hits="0" branch="false"/>
            <line number="50" hits="0" branch="false"/>
            <line number="51" hits="0" branch="false"/>
            <line number="56" hits="0" branch="false"/>
            <line number="57" hits="0" branch="false"/>
            <line number="59" hits="0" branch="false"/>
            <line number="63" hits="51" branch="false"/>
            <line number="74" hits="1" branch="false"/>
          </lines>
        </class>
        <class name="ProductSection.tsx" filename="src\components\product\ProductSection.tsx" line-rate="0.6" branch-rate="0.4285">
          <methods>
            <method name="(anonymous_0)" hits="26" signature="()V">
              <lines>
                <line number="8" hits="26"/>
              </lines>
            </method>
            <method name="(anonymous_1)" hits="66" signature="()V">
              <lines>
                <line number="10" hits="66"/>
              </lines>
            </method>
            <method name="(anonymous_2)" hits="66" signature="()V">
              <lines>
                <line number="12" hits="66"/>
              </lines>
            </method>
            <method name="(anonymous_3)" hits="0" signature="()V">
              <lines>
                <line number="19" hits="0"/>
              </lines>
            </method>
            <method name="(anonymous_4)" hits="1" signature="()V">
              <lines>
                <line number="53" hits="1"/>
              </lines>
            </method>
            <method name="(anonymous_5)" hits="13" signature="()V">
              <lines>
                <line number="57" hits="13"/>
              </lines>
            </method>
            <method name="(anonymous_6)" hits="13" signature="()V">
              <lines>
                <line number="58" hits="13"/>
              </lines>
            </method>
            <method name="(anonymous_7)" hits="0" signature="()V">
              <lines>
                <line number="70" hits="0"/>
              </lines>
            </method>
            <method name="(anonymous_8)" hits="0" signature="()V">
              <lines>
                <line number="80" hits="0"/>
              </lines>
            </method>
            <method name="(anonymous_9)" hits="40" signature="()V">
              <lines>
                <line number="95" hits="40"/>
              </lines>
            </method>
            <method name="(anonymous_10)" hits="1" signature="()V">
              <lines>
                <line number="101" hits="1"/>
              </lines>
            </method>
          </methods>
          <lines>
            <line number="8" hits="6" branch="false"/>
            <line number="9" hits="26" branch="false"/>
            <line number="10" hits="66" branch="false"/>
            <line number="11" hits="26" branch="false"/>
            <line number="12" hits="66" branch="false"/>
            <line number="15" hits="26" branch="false"/>
            <line number="16" hits="26" branch="false"/>
            <line number="17" hits="26" branch="false"/>
            <line number="19" hits="26" branch="false"/>
            <line number="20" hits="0" branch="false"/>
            <line number="22" hits="0" branch="false"/>
            <line number="23" hits="0" branch="false"/>
            <line number="24" hits="0" branch="false"/>
            <line number="25" hits="0" branch="true" condition-coverage="0% (0/2)"/>
            <line number="26" hits="0" branch="false"/>
            <line number="27" hits="0" branch="false"/>
            <line number="30" hits="0" branch="false"/>
            <line number="33" hits="0" branch="false"/>
            <line number="34" hits="0" branch="false"/>
            <line number="41" hits="26" branch="false"/>
            <line number="42" hits="26" branch="false"/>
            <line number="43" hits="26" branch="false"/>
            <line number="45" hits="26" branch="true" condition-coverage="50% (2/4)"/>
            <line number="49" hits="26" branch="true" condition-coverage="50% (2/4)"/>
            <line number="53" hits="26" branch="false"/>
            <line number="54" hits="1" branch="false"/>
            <line number="57" hits="26" branch="false"/>
            <line number="58" hits="13" branch="false"/>
            <line number="59" hits="13" branch="false"/>
            <line number="60" hits="12" branch="false"/>
            <line number="62" hits="13" branch="false"/>
            <line number="65" hits="26" branch="false"/>
            <line number="71" hits="0" branch="false"/>
            <line number="81" hits="0" branch="true" condition-coverage="0% (0/2)"/>
            <line number="82" hits="0" branch="false"/>
            <line number="83" hits="0" branch="false"/>
            <line number="85" hits="0" branch="false"/>
            <line number="86" hits="0" branch="false"/>
            <line number="96" hits="40" branch="false"/>
            <line number="101" hits="1" branch="false"/>
          </lines>
        </class>
      </classes>
    </package>
    <package name="profile" line-rate="0.5" branch-rate="1">
      <classes>
        <class name="Profile.tsx" filename="src\components\profile\Profile.tsx" line-rate="0.5" branch-rate="1">
          <methods>
            <method name="(anonymous_0)" hits="0" signature="()V">
              <lines>
                <line number="3" hits="0"/>
              </lines>
            </method>
          </methods>
          <lines>
            <line number="3" hits="1" branch="false"/>
            <line number="4" hits="0" branch="false"/>
          </lines>
        </class>
      </classes>
    </package>
    <package name="ui" line-rate="0.9333" branch-rate="0.5">
      <classes>
        <class name="Button.tsx" filename="src\components\ui\Button.tsx" line-rate="1" branch-rate="0.5">
          <methods>
            <method name="(anonymous_0)" hits="159" signature="()V">
              <lines>
                <line number="25" hits="159"/>
              </lines>
            </method>
            <method name="(anonymous_1)" hits="0" signature="()V">
              <lines>
                <line number="28" hits="0"/>
              </lines>
            </method>
          </methods>
          <lines>
            <line number="17" hits="8" branch="false"/>
            <line number="25" hits="8" branch="false"/>
            <line number="31" hits="159" branch="false"/>
          </lines>
        </class>
        <class name="Header.tsx" filename="src\components\ui\Header.tsx" line-rate="1" branch-rate="1">
          <methods>
            <method name="(anonymous_0)" hits="43" signature="()V">
              <lines>
                <line number="4" hits="43"/>
              </lines>
            </method>
            <method name="(anonymous_1)" hits="1" signature="()V">
              <lines>
                <line number="7" hits="1"/>
              </lines>
            </method>
          </methods>
          <lines>
            <line number="4" hits="6" branch="false"/>
            <line number="5" hits="43" branch="false"/>
            <line number="7" hits="43" branch="false"/>
            <line number="8" hits="1" branch="false"/>
            <line number="9" hits="1" branch="false"/>
            <line number="10" hits="1" branch="false"/>
            <line number="11" hits="1" branch="false"/>
            <line number="14" hits="43" branch="false"/>
          </lines>
        </class>
        <class name="Loading.tsx" filename="src\components\ui\Loading.tsx" line-rate="1" branch-rate="1">
          <methods>
            <method name="(anonymous_0)" hits="12" signature="()V">
              <lines>
                <line number="1" hits="12"/>
              </lines>
            </method>
          </methods>
          <lines>
            <line number="1" hits="4" branch="false"/>
            <line number="2" hits="12" branch="false"/>
          </lines>
        </class>
        <class name="PageNotFound.tsx" filename="src\components\ui\PageNotFound.tsx" line-rate="0.5" branch-rate="1">
          <methods>
            <method name="(anonymous_0)" hits="0" signature="()V">
              <lines>
                <line number="1" hits="0"/>
              </lines>
            </method>
          </methods>
          <lines>
            <line number="1" hits="1" branch="false"/>
            <line number="2" hits="0" branch="false"/>
          </lines>
        </class>
      </classes>
    </package>
  </packages>
</coverage>
