{"D:\\Albiorix\\shopping-cart\\src\\components\\authentication\\Auth.tsx": {"path":"D:\\Albiorix\\shopping-cart\\src\\components\\authentication\\Auth.tsx","statementMap":{"0":{"start":{"line":3,"column":13},"end":{"line":18,"column":1}},"1":{"start":{"line":4,"column":1},"end":{"line":17,"column":3}}},"fnMap":{"0":{"name":"(anonymous_0)","decl":{"start":{"line":3,"column":13},"end":{"line":3,"column":14}},"loc":{"start":{"line":3,"column":19},"end":{"line":18,"column":1}},"line":3}},"branchMap":{},"s":{"0":1,"1":1},"f":{"0":1},"b":{},"_coverageSchema":"1a1c01bbd47fc00a2c39e90264f33305004495a9","hash":"ebf0c24e09d60684fb591e086bc5a665be0c202e"}
,"D:\\Albiorix\\shopping-cart\\src\\components\\authentication\\LoginForm.tsx": {"path":"D:\\Albiorix\\shopping-cart\\src\\components\\authentication\\LoginForm.tsx","statementMap":{"0":{"start":{"line":7,"column":18},"end":{"line":100,"column":1}},"1":{"start":{"line":8,"column":51},"end":{"line":8,"column":66}},"2":{"start":{"line":9,"column":37},"end":{"line":9,"column":52}},"3":{"start":{"line":11,"column":18},"end":{"line":11,"column":31}},"4":{"start":{"line":13,"column":24},"end":{"line":16,"column":2}},"5":{"start":{"line":14,"column":2},"end":{"line":14,"column":21}},"6":{"start":{"line":15,"column":2},"end":{"line":15,"column":40}},"7":{"start":{"line":15,"column":33},"end":{"line":15,"column":38}},"8":{"start":{"line":20,"column":36},"end":{"line":20,"column":45}},"9":{"start":{"line":22,"column":17},"end":{"line":38,"column":2}},"10":{"start":{"line":23,"column":2},"end":{"line":23,"column":22}},"11":{"start":{"line":24,"column":2},"end":{"line":37,"column":6}},"12":{"start":{"line":26,"column":4},"end":{"line":26,"column":21}},"13":{"start":{"line":27,"column":4},"end":{"line":30,"column":5}},"14":{"start":{"line":28,"column":5},"end":{"line":28,"column":30}},"15":{"start":{"line":29,"column":5},"end":{"line":29,"column":12}},"16":{"start":{"line":31,"column":4},"end":{"line":31,"column":63}},"17":{"start":{"line":32,"column":4},"end":{"line":32,"column":21}},"18":{"start":{"line":33,"column":4},"end":{"line":33,"column":31}},"19":{"start":{"line":36,"column":4},"end":{"line":36,"column":25}},"20":{"start":{"line":40,"column":1},"end":{"line":99,"column":3}}},"fnMap":{"0":{"name":"(anonymous_0)","decl":{"start":{"line":7,"column":18},"end":{"line":7,"column":19}},"loc":{"start":{"line":7,"column":24},"end":{"line":100,"column":1}},"line":7},"1":{"name":"(anonymous_1)","decl":{"start":{"line":13,"column":24},"end":{"line":13,"column":25}},"loc":{"start":{"line":13,"column":68},"end":{"line":16,"column":2}},"line":13},"2":{"name":"(anonymous_2)","decl":{"start":{"line":15,"column":23},"end":{"line":15,"column":24}},"loc":{"start":{"line":15,"column":33},"end":{"line":15,"column":38}},"line":15},"3":{"name":"(anonymous_3)","decl":{"start":{"line":22,"column":17},"end":{"line":22,"column":18}},"loc":{"start":{"line":22,"column":38},"end":{"line":38,"column":2}},"line":22},"4":{"name":"(anonymous_4)","decl":{"start":{"line":25,"column":9},"end":{"line":25,"column":10}},"loc":{"start":{"line":25,"column":24},"end":{"line":34,"column":4}},"line":25},"5":{"name":"(anonymous_5)","decl":{"start":{"line":35,"column":12},"end":{"line":35,"column":13}},"loc":{"start":{"line":35,"column":18},"end":{"line":37,"column":4}},"line":35}},"branchMap":{"0":{"loc":{"start":{"line":27,"column":4},"end":{"line":30,"column":5}},"type":"if","locations":[{"start":{"line":27,"column":4},"end":{"line":30,"column":5}},{"start":{},"end":{}}],"line":27},"1":{"loc":{"start":{"line":62,"column":11},"end":{"line":62,"column":50}},"type":"cond-expr","locations":[{"start":{"line":62,"column":31},"end":{"line":62,"column":37}},{"start":{"line":62,"column":40},"end":{"line":62,"column":50}}],"line":62},"2":{"loc":{"start":{"line":77,"column":18},"end":{"line":77,"column":61}},"type":"cond-expr","locations":[{"start":{"line":77,"column":38},"end":{"line":77,"column":56}},{"start":{"line":77,"column":59},"end":{"line":77,"column":61}}],"line":77},"3":{"loc":{"start":{"line":85,"column":9},"end":{"line":85,"column":41}},"type":"cond-expr","locations":[{"start":{"line":85,"column":22},"end":{"line":85,"column":24}},{"start":{"line":85,"column":27},"end":{"line":85,"column":41}}],"line":85}},"s":{"0":0,"1":0,"2":0,"3":0,"4":0,"5":0,"6":0,"7":0,"8":0,"9":0,"10":0,"11":0,"12":0,"13":0,"14":0,"15":0,"16":0,"17":0,"18":0,"19":0,"20":0},"f":{"0":0,"1":0,"2":0,"3":0,"4":0,"5":0},"b":{"0":[0,0],"1":[0,0],"2":[0,0],"3":[0,0]}}
,"D:\\Albiorix\\shopping-cart\\src\\components\\authentication\\ProtectedRoute.tsx": {"path":"D:\\Albiorix\\shopping-cart\\src\\components\\authentication\\ProtectedRoute.tsx","statementMap":{"0":{"start":{"line":3,"column":23},"end":{"line":15,"column":1}},"1":{"start":{"line":4,"column":18},"end":{"line":4,"column":63}},"2":{"start":{"line":5,"column":1},"end":{"line":14,"column":2}},"3":{"start":{"line":6,"column":33},"end":{"line":6,"column":41}},"4":{"start":{"line":7,"column":2},"end":{"line":11,"column":4}},"5":{"start":{"line":13,"column":2},"end":{"line":13,"column":39}}},"fnMap":{"0":{"name":"(anonymous_0)","decl":{"start":{"line":3,"column":23},"end":{"line":3,"column":24}},"loc":{"start":{"line":3,"column":29},"end":{"line":15,"column":1}},"line":3}},"branchMap":{"0":{"loc":{"start":{"line":5,"column":1},"end":{"line":14,"column":2}},"type":"if","locations":[{"start":{"line":5,"column":1},"end":{"line":14,"column":2}},{"start":{"line":12,"column":8},"end":{"line":14,"column":2}}],"line":5},"1":{"loc":{"start":{"line":7,"column":9},"end":{"line":11,"column":3}},"type":"cond-expr","locations":[{"start":{"line":8,"column":3},"end":{"line":8,"column":13}},{"start":{"line":10,"column":3},"end":{"line":10,"column":32}}],"line":7},"2":{"loc":{"start":{"line":7,"column":9},"end":{"line":7,"column":43}},"type":"binary-expr","locations":[{"start":{"line":7,"column":9},"end":{"line":7,"column":27}},{"start":{"line":7,"column":31},"end":{"line":7,"column":43}}],"line":7}},"s":{"0":0,"1":0,"2":0,"3":0,"4":0,"5":0},"f":{"0":0},"b":{"0":[0,0],"1":[0,0],"2":[0,0]}}
,"D:\\Albiorix\\shopping-cart\\src\\components\\authentication\\SignUpForm.tsx": {"path":"D:\\Albiorix\\shopping-cart\\src\\components\\authentication\\SignUpForm.tsx","statementMap":{"0":{"start":{"line":9,"column":15},"end":{"line":188,"column":1}},"1":{"start":{"line":11,"column":37},"end":{"line":11,"column":52}},"2":{"start":{"line":12,"column":18},"end":{"line":12,"column":31}},"3":{"start":{"line":18,"column":5},"end":{"line":21,"column":3}},"4":{"start":{"line":25,"column":18},"end":{"line":48,"column":2}},"5":{"start":{"line":26,"column":2},"end":{"line":26,"column":22}},"6":{"start":{"line":28,"column":27},"end":{"line":33,"column":3}},"7":{"start":{"line":36,"column":2},"end":{"line":47,"column":6}},"8":{"start":{"line":38,"column":4},"end":{"line":41,"column":5}},"9":{"start":{"line":39,"column":5},"end":{"line":39,"column":30}},"10":{"start":{"line":40,"column":5},"end":{"line":40,"column":12}},"11":{"start":{"line":42,"column":4},"end":{"line":42,"column":28}},"12":{"start":{"line":43,"column":4},"end":{"line":43,"column":31}},"13":{"start":{"line":46,"column":4},"end":{"line":46,"column":25}},"14":{"start":{"line":52,"column":51},"end":{"line":52,"column":66}},"15":{"start":{"line":54,"column":2},"end":{"line":54,"column":17}},"16":{"start":{"line":56,"column":24},"end":{"line":69,"column":2}},"17":{"start":{"line":57,"column":2},"end":{"line":57,"column":21}},"18":{"start":{"line":59,"column":20},"end":{"line":61,"column":18}},"19":{"start":{"line":62,"column":16},"end":{"line":62,"column":68}},"20":{"start":{"line":64,"column":2},"end":{"line":68,"column":3}},"21":{"start":{"line":65,"column":3},"end":{"line":65,"column":41}},"22":{"start":{"line":65,"column":34},"end":{"line":65,"column":39}},"23":{"start":{"line":66,"column":9},"end":{"line":68,"column":3}},"24":{"start":{"line":67,"column":3},"end":{"line":67,"column":48}},"25":{"start":{"line":67,"column":41},"end":{"line":67,"column":46}},"26":{"start":{"line":71,"column":1},"end":{"line":187,"column":3}}},"fnMap":{"0":{"name":"(anonymous_0)","decl":{"start":{"line":9,"column":15},"end":{"line":9,"column":16}},"loc":{"start":{"line":9,"column":21},"end":{"line":188,"column":1}},"line":9},"1":{"name":"(anonymous_1)","decl":{"start":{"line":25,"column":18},"end":{"line":25,"column":19}},"loc":{"start":{"line":25,"column":44},"end":{"line":48,"column":2}},"line":25},"2":{"name":"(anonymous_2)","decl":{"start":{"line":37,"column":9},"end":{"line":37,"column":10}},"loc":{"start":{"line":37,"column":43},"end":{"line":44,"column":4}},"line":37},"3":{"name":"(anonymous_3)","decl":{"start":{"line":45,"column":12},"end":{"line":45,"column":13}},"loc":{"start":{"line":45,"column":18},"end":{"line":47,"column":4}},"line":45},"4":{"name":"(anonymous_4)","decl":{"start":{"line":56,"column":24},"end":{"line":56,"column":25}},"loc":{"start":{"line":56,"column":68},"end":{"line":69,"column":2}},"line":56},"5":{"name":"(anonymous_5)","decl":{"start":{"line":65,"column":24},"end":{"line":65,"column":25}},"loc":{"start":{"line":65,"column":34},"end":{"line":65,"column":39}},"line":65},"6":{"name":"(anonymous_6)","decl":{"start":{"line":67,"column":31},"end":{"line":67,"column":32}},"loc":{"start":{"line":67,"column":41},"end":{"line":67,"column":46}},"line":67}},"branchMap":{"0":{"loc":{"start":{"line":38,"column":4},"end":{"line":41,"column":5}},"type":"if","locations":[{"start":{"line":38,"column":4},"end":{"line":41,"column":5}},{"start":{},"end":{}}],"line":38},"1":{"loc":{"start":{"line":64,"column":2},"end":{"line":68,"column":3}},"type":"if","locations":[{"start":{"line":64,"column":2},"end":{"line":68,"column":3}},{"start":{"line":66,"column":9},"end":{"line":68,"column":3}}],"line":64},"2":{"loc":{"start":{"line":66,"column":9},"end":{"line":68,"column":3}},"type":"if","locations":[{"start":{"line":66,"column":9},"end":{"line":68,"column":3}},{"start":{},"end":{}}],"line":66},"3":{"loc":{"start":{"line":88,"column":6},"end":{"line":88,"column":55}},"type":"binary-expr","locations":[{"start":{"line":88,"column":6},"end":{"line":88,"column":22}},{"start":{"line":88,"column":26},"end":{"line":88,"column":55}}],"line":88},"4":{"loc":{"start":{"line":103,"column":6},"end":{"line":103,"column":53}},"type":"binary-expr","locations":[{"start":{"line":103,"column":6},"end":{"line":103,"column":21}},{"start":{"line":103,"column":25},"end":{"line":103,"column":53}}],"line":103},"5":{"loc":{"start":{"line":118,"column":6},"end":{"line":118,"column":47}},"type":"binary-expr","locations":[{"start":{"line":118,"column":6},"end":{"line":118,"column":18}},{"start":{"line":118,"column":22},"end":{"line":118,"column":47}}],"line":118},"6":{"loc":{"start":{"line":126,"column":11},"end":{"line":126,"column":50}},"type":"cond-expr","locations":[{"start":{"line":126,"column":31},"end":{"line":126,"column":37}},{"start":{"line":126,"column":40},"end":{"line":126,"column":50}}],"line":126},"7":{"loc":{"start":{"line":144,"column":6},"end":{"line":144,"column":53}},"type":"binary-expr","locations":[{"start":{"line":144,"column":6},"end":{"line":144,"column":21}},{"start":{"line":144,"column":25},"end":{"line":144,"column":53}}],"line":144},"8":{"loc":{"start":{"line":153,"column":11},"end":{"line":153,"column":57}},"type":"cond-expr","locations":[{"start":{"line":153,"column":38},"end":{"line":153,"column":44}},{"start":{"line":153,"column":47},"end":{"line":153,"column":57}}],"line":153},"9":{"loc":{"start":{"line":171,"column":6},"end":{"line":171,"column":67}},"type":"binary-expr","locations":[{"start":{"line":171,"column":6},"end":{"line":171,"column":28}},{"start":{"line":171,"column":32},"end":{"line":171,"column":67}}],"line":171},"10":{"loc":{"start":{"line":177,"column":9},"end":{"line":177,"column":40}},"type":"cond-expr","locations":[{"start":{"line":177,"column":22},"end":{"line":177,"column":24}},{"start":{"line":177,"column":27},"end":{"line":177,"column":40}}],"line":177}},"s":{"0":0,"1":0,"2":0,"3":0,"4":0,"5":0,"6":0,"7":0,"8":0,"9":0,"10":0,"11":0,"12":0,"13":0,"14":0,"15":0,"16":0,"17":0,"18":0,"19":0,"20":0,"21":0,"22":0,"23":0,"24":0,"25":0,"26":0},"f":{"0":0,"1":0,"2":0,"3":0,"4":0,"5":0,"6":0},"b":{"0":[0,0],"1":[0,0],"2":[0,0],"3":[0,0],"4":[0,0],"5":[0,0],"6":[0,0],"7":[0,0],"8":[0,0],"9":[0,0],"10":[0,0]}}
,"D:\\Albiorix\\shopping-cart\\src\\components\\authentication\\formSchema.tsx": {"path":"D:\\Albiorix\\shopping-cart\\src\\components\\authentication\\formSchema.tsx","statementMap":{"0":{"start":{"line":11,"column":43},"end":{"line":54,"column":3}},"1":{"start":{"line":51,"column":19},"end":{"line":51,"column":57}}},"fnMap":{"0":{"name":"(anonymous_0)","decl":{"start":{"line":51,"column":9},"end":{"line":51,"column":10}},"loc":{"start":{"line":51,"column":19},"end":{"line":51,"column":57}},"line":51}},"branchMap":{},"s":{"0":0,"1":0},"f":{"0":0},"b":{}}
,"D:\\Albiorix\\shopping-cart\\src\\components\\cart\\CartItem.tsx": {"path":"D:\\Albiorix\\shopping-cart\\src\\components\\cart\\CartItem.tsx","statementMap":{"0":{"start":{"line":19,"column":17},"end":{"line":86,"column":1}},"1":{"start":{"line":28,"column":18},"end":{"line":28,"column":31}},"2":{"start":{"line":30,"column":27},"end":{"line":53,"column":2}},"3":{"start":{"line":31,"column":18},"end":{"line":31,"column":64}},"4":{"start":{"line":32,"column":2},"end":{"line":32,"column":22}},"5":{"start":{"line":33,"column":2},"end":{"line":52,"column":3}},"6":{"start":{"line":34,"column":15},"end":{"line":34,"column":42}},"7":{"start":{"line":35,"column":3},"end":{"line":35,"column":20}},"8":{"start":{"line":36,"column":3},"end":{"line":44,"column":4}},"9":{"start":{"line":37,"column":16},"end":{"line":37,"column":31}},"10":{"start":{"line":38,"column":4},"end":{"line":43,"column":5}},"11":{"start":{"line":39,"column":5},"end":{"line":39,"column":36}},"12":{"start":{"line":40,"column":5},"end":{"line":42,"column":8}},"13":{"start":{"line":46,"column":3},"end":{"line":46,"column":20}},"14":{"start":{"line":47,"column":3},"end":{"line":49,"column":6}},"15":{"start":{"line":51,"column":3},"end":{"line":51,"column":24}},"16":{"start":{"line":55,"column":1},"end":{"line":85,"column":3}}},"fnMap":{"0":{"name":"(anonymous_0)","decl":{"start":{"line":19,"column":17},"end":{"line":19,"column":18}},"loc":{"start":{"line":27,"column":20},"end":{"line":86,"column":1}},"line":27},"1":{"name":"(anonymous_1)","decl":{"start":{"line":30,"column":27},"end":{"line":30,"column":28}},"loc":{"start":{"line":30,"column":39},"end":{"line":53,"column":2}},"line":30}},"branchMap":{"0":{"loc":{"start":{"line":36,"column":3},"end":{"line":44,"column":4}},"type":"if","locations":[{"start":{"line":36,"column":3},"end":{"line":44,"column":4}},{"start":{},"end":{}}],"line":36},"1":{"loc":{"start":{"line":38,"column":4},"end":{"line":43,"column":5}},"type":"if","locations":[{"start":{"line":38,"column":4},"end":{"line":43,"column":5}},{"start":{},"end":{}}],"line":38}},"s":{"0":0,"1":0,"2":0,"3":0,"4":0,"5":0,"6":0,"7":0,"8":0,"9":0,"10":0,"11":0,"12":0,"13":0,"14":0,"15":0,"16":0},"f":{"0":0,"1":0},"b":{"0":[0,0],"1":[0,0]}}
,"D:\\Albiorix\\shopping-cart\\src\\components\\cart\\CartPage.tsx": {"path":"D:\\Albiorix\\shopping-cart\\src\\components\\cart\\CartPage.tsx","statementMap":{"0":{"start":{"line":12,"column":35},"end":{"line":12,"column":50}},"1":{"start":{"line":13,"column":19},"end":{"line":13,"column":58}},"2":{"start":{"line":13,"column":47},"end":{"line":13,"column":57}},"3":{"start":{"line":14,"column":37},"end":{"line":14,"column":52}},"4":{"start":{"line":15,"column":18},"end":{"line":15,"column":63}},"5":{"start":{"line":17,"column":18},"end":{"line":17,"column":31}},"6":{"start":{"line":19,"column":1},"end":{"line":34,"column":16}},"7":{"start":{"line":20,"column":20},"end":{"line":32,"column":3}},"8":{"start":{"line":21,"column":3},"end":{"line":21,"column":22}},"9":{"start":{"line":22,"column":3},"end":{"line":31,"column":4}},"10":{"start":{"line":23,"column":16},"end":{"line":23,"column":31}},"11":{"start":{"line":24,"column":4},"end":{"line":26,"column":5}},"12":{"start":{"line":25,"column":5},"end":{"line":25,"column":36}},"13":{"start":{"line":28,"column":4},"end":{"line":28,"column":21}},"14":{"start":{"line":30,"column":4},"end":{"line":30,"column":24}},"15":{"start":{"line":33,"column":2},"end":{"line":33,"column":14}},"16":{"start":{"line":35,"column":1},"end":{"line":80,"column":3}},"17":{"start":{"line":51,"column":9},"end":{"line":51,"column":23}},"18":{"start":{"line":52,"column":9},"end":{"line":63,"column":11}}},"fnMap":{"0":{"name":"Cart","decl":{"start":{"line":11,"column":9},"end":{"line":11,"column":13}},"loc":{"start":{"line":11,"column":16},"end":{"line":81,"column":1}},"line":11},"1":{"name":"(anonymous_1)","decl":{"start":{"line":13,"column":31},"end":{"line":13,"column":32}},"loc":{"start":{"line":13,"column":47},"end":{"line":13,"column":57}},"line":13},"2":{"name":"(anonymous_2)","decl":{"start":{"line":19,"column":11},"end":{"line":19,"column":12}},"loc":{"start":{"line":19,"column":17},"end":{"line":34,"column":2}},"line":19},"3":{"name":"(anonymous_3)","decl":{"start":{"line":20,"column":20},"end":{"line":20,"column":21}},"loc":{"start":{"line":20,"column":32},"end":{"line":32,"column":3}},"line":20},"4":{"name":"(anonymous_4)","decl":{"start":{"line":50,"column":28},"end":{"line":50,"column":29}},"loc":{"start":{"line":50,"column":47},"end":{"line":64,"column":9}},"line":50}},"branchMap":{"0":{"loc":{"start":{"line":24,"column":4},"end":{"line":26,"column":5}},"type":"if","locations":[{"start":{"line":24,"column":4},"end":{"line":26,"column":5}},{"start":{},"end":{}}],"line":24},"1":{"loc":{"start":{"line":38,"column":4},"end":{"line":38,"column":28}},"type":"binary-expr","locations":[{"start":{"line":38,"column":4},"end":{"line":38,"column":13}},{"start":{"line":38,"column":17},"end":{"line":38,"column":28}}],"line":38},"2":{"loc":{"start":{"line":39,"column":4},"end":{"line":78,"column":4}},"type":"binary-expr","locations":[{"start":{"line":39,"column":4},"end":{"line":39,"column":13}},{"start":{"line":40,"column":4},"end":{"line":77,"column":7}}],"line":39},"3":{"loc":{"start":{"line":41,"column":6},"end":{"line":76,"column":6}},"type":"cond-expr","locations":[{"start":{"line":42,"column":6},"end":{"line":42,"column":19}},{"start":{"line":44,"column":6},"end":{"line":75,"column":12}}],"line":41}},"s":{"0":0,"1":0,"2":0,"3":0,"4":0,"5":0,"6":0,"7":0,"8":0,"9":0,"10":0,"11":0,"12":0,"13":0,"14":0,"15":0,"16":0,"17":0,"18":0},"f":{"0":0,"1":0,"2":0,"3":0,"4":0},"b":{"0":[0,0],"1":[0,0],"2":[0,0],"3":[0,0]}}
,"D:\\Albiorix\\shopping-cart\\src\\components\\cart\\EmptyCart.tsx": {"path":"D:\\Albiorix\\shopping-cart\\src\\components\\cart\\EmptyCart.tsx","statementMap":{"0":{"start":{"line":4,"column":1},"end":{"line":16,"column":3}}},"fnMap":{"0":{"name":"EmptyCart","decl":{"start":{"line":3,"column":9},"end":{"line":3,"column":18}},"loc":{"start":{"line":3,"column":21},"end":{"line":17,"column":1}},"line":3}},"branchMap":{},"s":{"0":0},"f":{"0":0},"b":{}}
,"D:\\Albiorix\\shopping-cart\\src\\components\\cart\\UpdateItemQuantity.tsx": {"path":"D:\\Albiorix\\shopping-cart\\src\\components\\cart\\UpdateItemQuantity.tsx","statementMap":{"0":{"start":{"line":15,"column":27},"end":{"line":100,"column":1}},"1":{"start":{"line":21,"column":18},"end":{"line":21,"column":31}},"2":{"start":{"line":23,"column":24},"end":{"line":43,"column":2}},"3":{"start":{"line":24,"column":2},"end":{"line":42,"column":3}},"4":{"start":{"line":25,"column":3},"end":{"line":25,"column":23}},"5":{"start":{"line":26,"column":19},"end":{"line":26,"column":63}},"6":{"start":{"line":27,"column":15},"end":{"line":27,"column":33}},"7":{"start":{"line":28,"column":3},"end":{"line":36,"column":4}},"8":{"start":{"line":29,"column":16},"end":{"line":29,"column":31}},"9":{"start":{"line":30,"column":4},"end":{"line":35,"column":5}},"10":{"start":{"line":31,"column":5},"end":{"line":31,"column":36}},"11":{"start":{"line":32,"column":5},"end":{"line":34,"column":8}},"12":{"start":{"line":38,"column":3},"end":{"line":38,"column":20}},"13":{"start":{"line":39,"column":3},"end":{"line":39,"column":39}},"14":{"start":{"line":41,"column":3},"end":{"line":41,"column":24}},"15":{"start":{"line":45,"column":26},"end":{"line":65,"column":2}},"16":{"start":{"line":46,"column":2},"end":{"line":46,"column":22}},"17":{"start":{"line":47,"column":2},"end":{"line":64,"column":3}},"18":{"start":{"line":48,"column":19},"end":{"line":48,"column":63}},"19":{"start":{"line":49,"column":15},"end":{"line":49,"column":38}},"20":{"start":{"line":50,"column":3},"end":{"line":58,"column":4}},"21":{"start":{"line":51,"column":16},"end":{"line":51,"column":31}},"22":{"start":{"line":52,"column":4},"end":{"line":57,"column":5}},"23":{"start":{"line":53,"column":5},"end":{"line":53,"column":36}},"24":{"start":{"line":54,"column":5},"end":{"line":56,"column":8}},"25":{"start":{"line":60,"column":3},"end":{"line":60,"column":20}},"26":{"start":{"line":61,"column":3},"end":{"line":61,"column":39}},"27":{"start":{"line":63,"column":3},"end":{"line":63,"column":24}},"28":{"start":{"line":67,"column":1},"end":{"line":99,"column":3}}},"fnMap":{"0":{"name":"(anonymous_0)","decl":{"start":{"line":15,"column":27},"end":{"line":15,"column":28}},"loc":{"start":{"line":20,"column":17},"end":{"line":100,"column":1}},"line":20},"1":{"name":"(anonymous_1)","decl":{"start":{"line":23,"column":24},"end":{"line":23,"column":25}},"loc":{"start":{"line":23,"column":36},"end":{"line":43,"column":2}},"line":23},"2":{"name":"(anonymous_2)","decl":{"start":{"line":45,"column":26},"end":{"line":45,"column":27}},"loc":{"start":{"line":45,"column":38},"end":{"line":65,"column":2}},"line":45}},"branchMap":{"0":{"loc":{"start":{"line":28,"column":3},"end":{"line":36,"column":4}},"type":"if","locations":[{"start":{"line":28,"column":3},"end":{"line":36,"column":4}},{"start":{},"end":{}}],"line":28},"1":{"loc":{"start":{"line":30,"column":4},"end":{"line":35,"column":5}},"type":"if","locations":[{"start":{"line":30,"column":4},"end":{"line":35,"column":5}},{"start":{},"end":{}}],"line":30},"2":{"loc":{"start":{"line":50,"column":3},"end":{"line":58,"column":4}},"type":"if","locations":[{"start":{"line":50,"column":3},"end":{"line":58,"column":4}},{"start":{},"end":{}}],"line":50},"3":{"loc":{"start":{"line":52,"column":4},"end":{"line":57,"column":5}},"type":"if","locations":[{"start":{"line":52,"column":4},"end":{"line":57,"column":5}},{"start":{},"end":{}}],"line":52}},"s":{"0":0,"1":0,"2":0,"3":0,"4":0,"5":0,"6":0,"7":0,"8":0,"9":0,"10":0,"11":0,"12":0,"13":0,"14":0,"15":0,"16":0,"17":0,"18":0,"19":0,"20":0,"21":0,"22":0,"23":0,"24":0,"25":0,"26":0,"27":0,"28":0},"f":{"0":0,"1":0,"2":0},"b":{"0":[0,0],"1":[0,0],"2":[0,0],"3":[0,0]}}
,"D:\\Albiorix\\shopping-cart\\src\\components\\main-app\\Hero.tsx": {"path":"D:\\Albiorix\\shopping-cart\\src\\components\\main-app\\Hero.tsx","statementMap":{"0":{"start":{"line":1,"column":13},"end":{"line":38,"column":1}},"1":{"start":{"line":2,"column":1},"end":{"line":37,"column":3}}},"fnMap":{"0":{"name":"(anonymous_0)","decl":{"start":{"line":1,"column":13},"end":{"line":1,"column":14}},"loc":{"start":{"line":1,"column":19},"end":{"line":38,"column":1}},"line":1}},"branchMap":{},"s":{"0":0,"1":0},"f":{"0":0},"b":{}}
,"D:\\Albiorix\\shopping-cart\\src\\components\\main-app\\MainApp.tsx": {"path":"D:\\Albiorix\\shopping-cart\\src\\components\\main-app\\MainApp.tsx","statementMap":{"0":{"start":{"line":10,"column":16},"end":{"line":77,"column":1}},"1":{"start":{"line":11,"column":39},"end":{"line":11,"column":66}},"2":{"start":{"line":14,"column":2},"end":{"line":14,"column":36}},"3":{"start":{"line":17,"column":18},"end":{"line":17,"column":31}},"4":{"start":{"line":19,"column":1},"end":{"line":22,"column":8}},"5":{"start":{"line":20,"column":2},"end":{"line":20,"column":50}},"6":{"start":{"line":21,"column":2},"end":{"line":21,"column":66}},"7":{"start":{"line":21,"column":15},"end":{"line":21,"column":65}},"8":{"start":{"line":24,"column":1},"end":{"line":53,"column":19}},"9":{"start":{"line":25,"column":17},"end":{"line":25,"column":69}},"10":{"start":{"line":26,"column":19},"end":{"line":26,"column":69}},"11":{"start":{"line":27,"column":26},"end":{"line":29,"column":18}},"12":{"start":{"line":31,"column":50},"end":{"line":41,"column":3}},"13":{"start":{"line":32,"column":19},"end":{"line":32,"column":26}},"14":{"start":{"line":34,"column":3},"end":{"line":40,"column":4}},"15":{"start":{"line":35,"column":4},"end":{"line":35,"column":35}},"16":{"start":{"line":36,"column":4},"end":{"line":36,"column":47}},"17":{"start":{"line":38,"column":4},"end":{"line":38,"column":38}},"18":{"start":{"line":39,"column":4},"end":{"line":39,"column":44}},"19":{"start":{"line":43,"column":27},"end":{"line":46,"column":4}},"20":{"start":{"line":48,"column":2},"end":{"line":48,"column":37}},"21":{"start":{"line":50,"column":2},"end":{"line":52,"column":4}},"22":{"start":{"line":51,"column":3},"end":{"line":51,"column":33}},"23":{"start":{"line":55,"column":1},"end":{"line":65,"column":16}},"24":{"start":{"line":56,"column":24},"end":{"line":63,"column":3}},"25":{"start":{"line":57,"column":3},"end":{"line":62,"column":4}},"26":{"start":{"line":58,"column":16},"end":{"line":58,"column":31}},"27":{"start":{"line":59,"column":4},"end":{"line":59,"column":35}},"28":{"start":{"line":61,"column":4},"end":{"line":61,"column":21}},"29":{"start":{"line":64,"column":2},"end":{"line":64,"column":18}},"30":{"start":{"line":67,"column":1},"end":{"line":76,"column":3}}},"fnMap":{"0":{"name":"(anonymous_0)","decl":{"start":{"line":10,"column":16},"end":{"line":10,"column":17}},"loc":{"start":{"line":10,"column":22},"end":{"line":77,"column":1}},"line":10},"1":{"name":"handleResize","decl":{"start":{"line":13,"column":10},"end":{"line":13,"column":22}},"loc":{"start":{"line":13,"column":25},"end":{"line":15,"column":2}},"line":13},"2":{"name":"(anonymous_2)","decl":{"start":{"line":19,"column":11},"end":{"line":19,"column":12}},"loc":{"start":{"line":19,"column":17},"end":{"line":22,"column":2}},"line":19},"3":{"name":"(anonymous_3)","decl":{"start":{"line":21,"column":9},"end":{"line":21,"column":10}},"loc":{"start":{"line":21,"column":15},"end":{"line":21,"column":65}},"line":21},"4":{"name":"(anonymous_4)","decl":{"start":{"line":24,"column":11},"end":{"line":24,"column":12}},"loc":{"start":{"line":24,"column":17},"end":{"line":53,"column":2}},"line":24},"5":{"name":"(anonymous_5)","decl":{"start":{"line":31,"column":50},"end":{"line":31,"column":51}},"loc":{"start":{"line":31,"column":69},"end":{"line":41,"column":3}},"line":31},"6":{"name":"(anonymous_6)","decl":{"start":{"line":50,"column":9},"end":{"line":50,"column":10}},"loc":{"start":{"line":50,"column":15},"end":{"line":52,"column":3}},"line":50},"7":{"name":"(anonymous_7)","decl":{"start":{"line":55,"column":11},"end":{"line":55,"column":12}},"loc":{"start":{"line":55,"column":17},"end":{"line":65,"column":2}},"line":55},"8":{"name":"(anonymous_8)","decl":{"start":{"line":56,"column":24},"end":{"line":56,"column":25}},"loc":{"start":{"line":56,"column":36},"end":{"line":63,"column":3}},"line":56}},"branchMap":{"0":{"loc":{"start":{"line":34,"column":3},"end":{"line":40,"column":4}},"type":"if","locations":[{"start":{"line":34,"column":3},"end":{"line":40,"column":4}},{"start":{"line":37,"column":10},"end":{"line":40,"column":4}}],"line":34},"1":{"loc":{"start":{"line":45,"column":14},"end":{"line":45,"column":73}},"type":"cond-expr","locations":[{"start":{"line":45,"column":35},"end":{"line":45,"column":65}},{"start":{"line":45,"column":69},"end":{"line":45,"column":73}}],"line":45},"2":{"loc":{"start":{"line":45,"column":35},"end":{"line":45,"column":65}},"type":"cond-expr","locations":[{"start":{"line":45,"column":55},"end":{"line":45,"column":59}},{"start":{"line":45,"column":62},"end":{"line":45,"column":65}}],"line":45}},"s":{"0":0,"1":0,"2":0,"3":0,"4":0,"5":0,"6":0,"7":0,"8":0,"9":0,"10":0,"11":0,"12":0,"13":0,"14":0,"15":0,"16":0,"17":0,"18":0,"19":0,"20":0,"21":0,"22":0,"23":0,"24":0,"25":0,"26":0,"27":0,"28":0,"29":0,"30":0},"f":{"0":0,"1":0,"2":0,"3":0,"4":0,"5":0,"6":0,"7":0,"8":0},"b":{"0":[0,0],"1":[0,0],"2":[0,0]}}
,"D:\\Albiorix\\shopping-cart\\src\\components\\product\\CartOverview.tsx": {"path":"D:\\Albiorix\\shopping-cart\\src\\components\\product\\CartOverview.tsx","statementMap":{"0":{"start":{"line":5,"column":21},"end":{"line":29,"column":1}},"1":{"start":{"line":6,"column":19},"end":{"line":6,"column":58}},"2":{"start":{"line":6,"column":47},"end":{"line":6,"column":57}},"3":{"start":{"line":8,"column":1},"end":{"line":28,"column":3}}},"fnMap":{"0":{"name":"(anonymous_0)","decl":{"start":{"line":5,"column":21},"end":{"line":5,"column":22}},"loc":{"start":{"line":5,"column":27},"end":{"line":29,"column":1}},"line":5},"1":{"name":"(anonymous_1)","decl":{"start":{"line":6,"column":31},"end":{"line":6,"column":32}},"loc":{"start":{"line":6,"column":47},"end":{"line":6,"column":57}},"line":6}},"branchMap":{"0":{"loc":{"start":{"line":11,"column":4},"end":{"line":11,"column":45}},"type":"cond-expr","locations":[{"start":{"line":11,"column":34},"end":{"line":11,"column":36}},{"start":{"line":11,"column":39},"end":{"line":11,"column":45}}],"line":11}},"s":{"0":0,"1":0,"2":0,"3":0},"f":{"0":0,"1":0},"b":{"0":[0,0]}}
,"D:\\Albiorix\\shopping-cart\\src\\components\\product\\ProductItem.tsx": {"path":"D:\\Albiorix\\shopping-cart\\src\\components\\product\\ProductItem.tsx","statementMap":{"0":{"start":{"line":23,"column":20},"end":{"line":94,"column":1}},"1":{"start":{"line":34,"column":2},"end":{"line":36,"column":9}},"2":{"start":{"line":38,"column":18},"end":{"line":38,"column":31}},"3":{"start":{"line":40,"column":24},"end":{"line":58,"column":2}},"4":{"start":{"line":41,"column":2},"end":{"line":41,"column":22}},"5":{"start":{"line":42,"column":2},"end":{"line":57,"column":3}},"6":{"start":{"line":43,"column":19},"end":{"line":43,"column":62}},"7":{"start":{"line":44,"column":15},"end":{"line":44,"column":33}},"8":{"start":{"line":45,"column":3},"end":{"line":51,"column":4}},"9":{"start":{"line":46,"column":16},"end":{"line":46,"column":31}},"10":{"start":{"line":47,"column":4},"end":{"line":47,"column":35}},"11":{"start":{"line":48,"column":4},"end":{"line":50,"column":7}},"12":{"start":{"line":53,"column":3},"end":{"line":53,"column":20}},"13":{"start":{"line":54,"column":3},"end":{"line":54,"column":39}},"14":{"start":{"line":56,"column":3},"end":{"line":56,"column":24}},"15":{"start":{"line":60,"column":1},"end":{"line":93,"column":3}}},"fnMap":{"0":{"name":"(anonymous_0)","decl":{"start":{"line":23,"column":20},"end":{"line":23,"column":21}},"loc":{"start":{"line":32,"column":24},"end":{"line":94,"column":1}},"line":32},"1":{"name":"(anonymous_1)","decl":{"start":{"line":40,"column":24},"end":{"line":40,"column":25}},"loc":{"start":{"line":40,"column":36},"end":{"line":58,"column":2}},"line":40}},"branchMap":{"0":{"loc":{"start":{"line":34,"column":2},"end":{"line":36,"column":9}},"type":"cond-expr","locations":[{"start":{"line":35,"column":5},"end":{"line":35,"column":50}},{"start":{"line":36,"column":5},"end":{"line":36,"column":9}}],"line":34},"1":{"loc":{"start":{"line":45,"column":3},"end":{"line":51,"column":4}},"type":"if","locations":[{"start":{"line":45,"column":3},"end":{"line":51,"column":4}},{"start":{},"end":{}}],"line":45},"2":{"loc":{"start":{"line":73,"column":7},"end":{"line":88,"column":7}},"type":"cond-expr","locations":[{"start":{"line":74,"column":7},"end":{"line":79,"column":9}},{"start":{"line":81,"column":7},"end":{"line":87,"column":16}}],"line":73}},"s":{"0":0,"1":0,"2":0,"3":0,"4":0,"5":0,"6":0,"7":0,"8":0,"9":0,"10":0,"11":0,"12":0,"13":0,"14":0,"15":0},"f":{"0":0,"1":0},"b":{"0":[0,0],"1":[0,0],"2":[0,0]}}
,"D:\\Albiorix\\shopping-cart\\src\\components\\product\\ProductList.tsx": {"path":"D:\\Albiorix\\shopping-cart\\src\\components\\product\\ProductList.tsx","statementMap":{"0":{"start":{"line":19,"column":20},"end":{"line":75,"column":1}},"1":{"start":{"line":21,"column":37},"end":{"line":21,"column":52}},"2":{"start":{"line":23,"column":33},"end":{"line":23,"column":62}},"3":{"start":{"line":24,"column":14},"end":{"line":24,"column":58}},"4":{"start":{"line":24,"column":42},"end":{"line":24,"column":57}},"5":{"start":{"line":27,"column":1},"end":{"line":47,"column":8}},"6":{"start":{"line":28,"column":29},"end":{"line":39,"column":3}},"7":{"start":{"line":29,"column":23},"end":{"line":29,"column":73}},"8":{"start":{"line":30,"column":3},"end":{"line":30,"column":28}},"9":{"start":{"line":30,"column":21},"end":{"line":30,"column":28}},"10":{"start":{"line":31,"column":3},"end":{"line":36,"column":4}},"11":{"start":{"line":35,"column":4},"end":{"line":35,"column":11}},"12":{"start":{"line":37,"column":14},"end":{"line":37,"column":51}},"13":{"start":{"line":38,"column":3},"end":{"line":38,"column":19}},"14":{"start":{"line":41,"column":22},"end":{"line":43,"column":18}},"15":{"start":{"line":44,"column":2},"end":{"line":44,"column":60}},"16":{"start":{"line":49,"column":1},"end":{"line":74,"column":3}},"17":{"start":{"line":52,"column":24},"end":{"line":52,"column":72}},"18":{"start":{"line":52,"column":49},"end":{"line":52,"column":71}},"19":{"start":{"line":53,"column":4},"end":{"line":65,"column":6}}},"fnMap":{"0":{"name":"(anonymous_0)","decl":{"start":{"line":19,"column":20},"end":{"line":19,"column":21}},"loc":{"start":{"line":19,"column":52},"end":{"line":75,"column":1}},"line":19},"1":{"name":"(anonymous_1)","decl":{"start":{"line":24,"column":26},"end":{"line":24,"column":27}},"loc":{"start":{"line":24,"column":42},"end":{"line":24,"column":57}},"line":24},"2":{"name":"(anonymous_2)","decl":{"start":{"line":27,"column":11},"end":{"line":27,"column":12}},"loc":{"start":{"line":27,"column":17},"end":{"line":47,"column":2}},"line":27},"3":{"name":"(anonymous_3)","decl":{"start":{"line":28,"column":29},"end":{"line":28,"column":30}},"loc":{"start":{"line":28,"column":41},"end":{"line":39,"column":3}},"line":28},"4":{"name":"(anonymous_4)","decl":{"start":{"line":51,"column":21},"end":{"line":51,"column":22}},"loc":{"start":{"line":51,"column":34},"end":{"line":66,"column":4}},"line":51},"5":{"name":"(anonymous_5)","decl":{"start":{"line":52,"column":34},"end":{"line":52,"column":35}},"loc":{"start":{"line":52,"column":49},"end":{"line":52,"column":71}},"line":52}},"branchMap":{"0":{"loc":{"start":{"line":30,"column":3},"end":{"line":30,"column":28}},"type":"if","locations":[{"start":{"line":30,"column":3},"end":{"line":30,"column":28}},{"start":{},"end":{}}],"line":30},"1":{"loc":{"start":{"line":31,"column":3},"end":{"line":36,"column":4}},"type":"if","locations":[{"start":{"line":31,"column":3},"end":{"line":36,"column":4}},{"start":{},"end":{}}],"line":31},"2":{"loc":{"start":{"line":32,"column":4},"end":{"line":33,"column":53}},"type":"binary-expr","locations":[{"start":{"line":32,"column":4},"end":{"line":32,"column":70}},{"start":{"line":33,"column":4},"end":{"line":33,"column":53}}],"line":32},"3":{"loc":{"start":{"line":60,"column":11},"end":{"line":60,"column":49}},"type":"cond-expr","locations":[{"start":{"line":60,"column":25},"end":{"line":60,"column":45}},{"start":{"line":60,"column":48},"end":{"line":60,"column":49}}],"line":60}},"s":{"0":0,"1":0,"2":0,"3":0,"4":0,"5":0,"6":0,"7":0,"8":0,"9":0,"10":0,"11":0,"12":0,"13":0,"14":0,"15":0,"16":0,"17":0,"18":0,"19":0},"f":{"0":0,"1":0,"2":0,"3":0,"4":0,"5":0},"b":{"0":[0,0],"1":[0,0],"2":[0,0],"3":[0,0]}}
,"D:\\Albiorix\\shopping-cart\\src\\components\\product\\ProductModal.tsx": {"path":"D:\\Albiorix\\shopping-cart\\src\\components\\product\\ProductModal.tsx","statementMap":{"0":{"start":{"line":16,"column":21},"end":{"line":114,"column":1}},"1":{"start":{"line":22,"column":35},"end":{"line":22,"column":50}},"2":{"start":{"line":24,"column":17},"end":{"line":26,"column":3}},"3":{"start":{"line":25,"column":2},"end":{"line":25,"column":75}},"4":{"start":{"line":25,"column":56},"end":{"line":25,"column":73}},"5":{"start":{"line":28,"column":14},"end":{"line":30,"column":3}},"6":{"start":{"line":29,"column":2},"end":{"line":29,"column":25}},"7":{"start":{"line":32,"column":21},"end":{"line":32,"column":61}},"8":{"start":{"line":32,"column":46},"end":{"line":32,"column":60}},"9":{"start":{"line":34,"column":13},"end":{"line":34,"column":51}},"10":{"start":{"line":36,"column":18},"end":{"line":36,"column":31}},"11":{"start":{"line":38,"column":21},"end":{"line":41,"column":2}},"12":{"start":{"line":39,"column":2},"end":{"line":39,"column":20}},"13":{"start":{"line":40,"column":2},"end":{"line":40,"column":22}},"14":{"start":{"line":43,"column":24},"end":{"line":61,"column":2}},"15":{"start":{"line":44,"column":2},"end":{"line":44,"column":22}},"16":{"start":{"line":45,"column":2},"end":{"line":60,"column":3}},"17":{"start":{"line":46,"column":19},"end":{"line":46,"column":62}},"18":{"start":{"line":47,"column":15},"end":{"line":47,"column":41}},"19":{"start":{"line":48,"column":3},"end":{"line":54,"column":4}},"20":{"start":{"line":49,"column":16},"end":{"line":49,"column":31}},"21":{"start":{"line":50,"column":4},"end":{"line":50,"column":35}},"22":{"start":{"line":51,"column":4},"end":{"line":53,"column":7}},"23":{"start":{"line":56,"column":3},"end":{"line":56,"column":20}},"24":{"start":{"line":57,"column":3},"end":{"line":57,"column":39}},"25":{"start":{"line":59,"column":3},"end":{"line":59,"column":24}},"26":{"start":{"line":63,"column":1},"end":{"line":113,"column":3}},"27":{"start":{"line":74,"column":7},"end":{"line":74,"column":21}}},"fnMap":{"0":{"name":"(anonymous_0)","decl":{"start":{"line":16,"column":21},"end":{"line":16,"column":22}},"loc":{"start":{"line":21,"column":17},"end":{"line":114,"column":1}},"line":21},"1":{"name":"(anonymous_1)","decl":{"start":{"line":24,"column":29},"end":{"line":24,"column":30}},"loc":{"start":{"line":24,"column":45},"end":{"line":26,"column":2}},"line":24},"2":{"name":"(anonymous_2)","decl":{"start":{"line":25,"column":38},"end":{"line":25,"column":39}},"loc":{"start":{"line":25,"column":56},"end":{"line":25,"column":73}},"line":25},"3":{"name":"(anonymous_3)","decl":{"start":{"line":28,"column":26},"end":{"line":28,"column":27}},"loc":{"start":{"line":28,"column":42},"end":{"line":30,"column":2}},"line":28},"4":{"name":"(anonymous_4)","decl":{"start":{"line":32,"column":31},"end":{"line":32,"column":32}},"loc":{"start":{"line":32,"column":46},"end":{"line":32,"column":60}},"line":32},"5":{"name":"(anonymous_5)","decl":{"start":{"line":38,"column":21},"end":{"line":38,"column":22}},"loc":{"start":{"line":38,"column":27},"end":{"line":41,"column":2}},"line":38},"6":{"name":"(anonymous_6)","decl":{"start":{"line":43,"column":24},"end":{"line":43,"column":25}},"loc":{"start":{"line":43,"column":36},"end":{"line":61,"column":2}},"line":43},"7":{"name":"(anonymous_7)","decl":{"start":{"line":73,"column":15},"end":{"line":73,"column":16}},"loc":{"start":{"line":73,"column":21},"end":{"line":75,"column":7}},"line":73}},"branchMap":{"0":{"loc":{"start":{"line":34,"column":13},"end":{"line":34,"column":51}},"type":"cond-expr","locations":[{"start":{"line":34,"column":27},"end":{"line":34,"column":47}},{"start":{"line":34,"column":50},"end":{"line":34,"column":51}}],"line":34},"1":{"loc":{"start":{"line":48,"column":3},"end":{"line":54,"column":4}},"type":"if","locations":[{"start":{"line":48,"column":3},"end":{"line":54,"column":4}},{"start":{},"end":{}}],"line":48},"2":{"loc":{"start":{"line":66,"column":4},"end":{"line":66,"column":42}},"type":"cond-expr","locations":[{"start":{"line":66,"column":31},"end":{"line":66,"column":33}},{"start":{"line":66,"column":36},"end":{"line":66,"column":42}}],"line":66},"3":{"loc":{"start":{"line":66,"column":4},"end":{"line":66,"column":28}},"type":"binary-expr","locations":[{"start":{"line":66,"column":4},"end":{"line":66,"column":13}},{"start":{"line":66,"column":17},"end":{"line":66,"column":28}}],"line":66},"4":{"loc":{"start":{"line":69,"column":4},"end":{"line":111,"column":4}},"type":"binary-expr","locations":[{"start":{"line":69,"column":4},"end":{"line":69,"column":11}},{"start":{"line":70,"column":4},"end":{"line":110,"column":10}}],"line":69},"5":{"loc":{"start":{"line":92,"column":8},"end":{"line":107,"column":8}},"type":"cond-expr","locations":[{"start":{"line":93,"column":8},"end":{"line":98,"column":10}},{"start":{"line":100,"column":8},"end":{"line":106,"column":17}}],"line":92}},"s":{"0":0,"1":0,"2":0,"3":0,"4":0,"5":0,"6":0,"7":0,"8":0,"9":0,"10":0,"11":0,"12":0,"13":0,"14":0,"15":0,"16":0,"17":0,"18":0,"19":0,"20":0,"21":0,"22":0,"23":0,"24":0,"25":0,"26":0,"27":0},"f":{"0":0,"1":0,"2":0,"3":0,"4":0,"5":0,"6":0,"7":0},"b":{"0":[0,0],"1":[0,0],"2":[0,0],"3":[0,0],"4":[0,0],"5":[0,0]}}
,"D:\\Albiorix\\shopping-cart\\src\\components\\product\\ProductSection.tsx": {"path":"D:\\Albiorix\\shopping-cart\\src\\components\\product\\ProductSection.tsx","statementMap":{"0":{"start":{"line":8,"column":23},"end":{"line":109,"column":1}},"1":{"start":{"line":9,"column":18},"end":{"line":9,"column":31}},"2":{"start":{"line":10,"column":18},"end":{"line":10,"column":70}},"3":{"start":{"line":10,"column":46},"end":{"line":10,"column":69}},"4":{"start":{"line":11,"column":24},"end":{"line":13,"column":2}},"5":{"start":{"line":12,"column":18},"end":{"line":12,"column":47}},"6":{"start":{"line":15,"column":39},"end":{"line":15,"column":51}},"7":{"start":{"line":16,"column":43},"end":{"line":16,"column":58}},"8":{"start":{"line":17,"column":39},"end":{"line":17,"column":50}},"9":{"start":{"line":19,"column":22},"end":{"line":38,"column":2}},"10":{"start":{"line":20,"column":2},"end":{"line":20,"column":21}},"11":{"start":{"line":22,"column":18},"end":{"line":22,"column":55}},"12":{"start":{"line":23,"column":2},"end":{"line":37,"column":3}},"13":{"start":{"line":24,"column":15},"end":{"line":24,"column":44}},"14":{"start":{"line":25,"column":3},"end":{"line":31,"column":4}},"15":{"start":{"line":26,"column":4},"end":{"line":26,"column":44}},"16":{"start":{"line":27,"column":4},"end":{"line":29,"column":7}},"17":{"start":{"line":30,"column":4},"end":{"line":30,"column":22}},"18":{"start":{"line":33,"column":3},"end":{"line":33,"column":20}},"19":{"start":{"line":34,"column":3},"end":{"line":36,"column":6}},"20":{"start":{"line":41,"column":22},"end":{"line":41,"column":23}},"21":{"start":{"line":42,"column":25},"end":{"line":42,"column":51}},"22":{"start":{"line":43,"column":26},"end":{"line":43,"column":56}},"23":{"start":{"line":45,"column":2},"end":{"line":47,"column":54}},"24":{"start":{"line":49,"column":2},"end":{"line":51,"column":46}},"25":{"start":{"line":53,"column":18},"end":{"line":55,"column":2}},"26":{"start":{"line":54,"column":2},"end":{"line":54,"column":29}},"27":{"start":{"line":57,"column":1},"end":{"line":63,"column":16}},"28":{"start":{"line":58,"column":24},"end":{"line":61,"column":3}},"29":{"start":{"line":59,"column":15},"end":{"line":59,"column":34}},"30":{"start":{"line":60,"column":3},"end":{"line":60,"column":37}},"31":{"start":{"line":62,"column":2},"end":{"line":62,"column":18}},"32":{"start":{"line":65,"column":1},"end":{"line":108,"column":3}},"33":{"start":{"line":71,"column":6},"end":{"line":71,"column":22}},"34":{"start":{"line":81,"column":7},"end":{"line":84,"column":8}},"35":{"start":{"line":82,"column":8},"end":{"line":82,"column":32}},"36":{"start":{"line":83,"column":8},"end":{"line":83,"column":42}},"37":{"start":{"line":85,"column":7},"end":{"line":85,"column":38}},"38":{"start":{"line":86,"column":7},"end":{"line":86,"column":30}},"39":{"start":{"line":96,"column":5},"end":{"line":104,"column":14}},"40":{"start":{"line":101,"column":21},"end":{"line":101,"column":40}}},"fnMap":{"0":{"name":"(anonymous_0)","decl":{"start":{"line":8,"column":23},"end":{"line":8,"column":24}},"loc":{"start":{"line":8,"column":29},"end":{"line":109,"column":1}},"line":8},"1":{"name":"(anonymous_1)","decl":{"start":{"line":10,"column":30},"end":{"line":10,"column":31}},"loc":{"start":{"line":10,"column":46},"end":{"line":10,"column":69}},"line":10},"2":{"name":"(anonymous_2)","decl":{"start":{"line":12,"column":2},"end":{"line":12,"column":3}},"loc":{"start":{"line":12,"column":18},"end":{"line":12,"column":47}},"line":12},"3":{"name":"(anonymous_3)","decl":{"start":{"line":19,"column":22},"end":{"line":19,"column":23}},"loc":{"start":{"line":19,"column":40},"end":{"line":38,"column":2}},"line":19},"4":{"name":"(anonymous_4)","decl":{"start":{"line":53,"column":18},"end":{"line":53,"column":19}},"loc":{"start":{"line":53,"column":42},"end":{"line":55,"column":2}},"line":53},"5":{"name":"(anonymous_5)","decl":{"start":{"line":57,"column":11},"end":{"line":57,"column":12}},"loc":{"start":{"line":57,"column":17},"end":{"line":63,"column":2}},"line":57},"6":{"name":"(anonymous_6)","decl":{"start":{"line":58,"column":24},"end":{"line":58,"column":25}},"loc":{"start":{"line":58,"column":36},"end":{"line":61,"column":3}},"line":58},"7":{"name":"(anonymous_7)","decl":{"start":{"line":70,"column":15},"end":{"line":70,"column":16}},"loc":{"start":{"line":70,"column":22},"end":{"line":72,"column":6}},"line":70},"8":{"name":"(anonymous_8)","decl":{"start":{"line":80,"column":16},"end":{"line":80,"column":17}},"loc":{"start":{"line":80,"column":23},"end":{"line":87,"column":7}},"line":80},"9":{"name":"(anonymous_9)","decl":{"start":{"line":95,"column":40},"end":{"line":95,"column":41}},"loc":{"start":{"line":96,"column":5},"end":{"line":104,"column":14}},"line":96},"10":{"name":"(anonymous_10)","decl":{"start":{"line":101,"column":15},"end":{"line":101,"column":16}},"loc":{"start":{"line":101,"column":21},"end":{"line":101,"column":40}},"line":101}},"branchMap":{"0":{"loc":{"start":{"line":25,"column":3},"end":{"line":31,"column":4}},"type":"if","locations":[{"start":{"line":25,"column":3},"end":{"line":31,"column":4}},{"start":{},"end":{}}],"line":25},"1":{"loc":{"start":{"line":45,"column":2},"end":{"line":47,"column":54}},"type":"cond-expr","locations":[{"start":{"line":46,"column":5},"end":{"line":46,"column":60}},{"start":{"line":47,"column":5},"end":{"line":47,"column":54}}],"line":45},"2":{"loc":{"start":{"line":45,"column":2},"end":{"line":45,"column":44}},"type":"binary-expr","locations":[{"start":{"line":45,"column":2},"end":{"line":45,"column":27}},{"start":{"line":45,"column":31},"end":{"line":45,"column":44}}],"line":45},"3":{"loc":{"start":{"line":49,"column":2},"end":{"line":51,"column":46}},"type":"cond-expr","locations":[{"start":{"line":50,"column":5},"end":{"line":50,"column":52}},{"start":{"line":51,"column":5},"end":{"line":51,"column":46}}],"line":49},"4":{"loc":{"start":{"line":49,"column":2},"end":{"line":49,"column":44}},"type":"binary-expr","locations":[{"start":{"line":49,"column":2},"end":{"line":49,"column":27}},{"start":{"line":49,"column":31},"end":{"line":49,"column":44}}],"line":49},"5":{"loc":{"start":{"line":81,"column":7},"end":{"line":84,"column":8}},"type":"if","locations":[{"start":{"line":81,"column":7},"end":{"line":84,"column":8}},{"start":{},"end":{}}],"line":81},"6":{"loc":{"start":{"line":98,"column":7},"end":{"line":98,"column":63}},"type":"cond-expr","locations":[{"start":{"line":98,"column":35},"end":{"line":98,"column":58}},{"start":{"line":98,"column":61},"end":{"line":98,"column":63}}],"line":98}},"s":{"0":0,"1":0,"2":0,"3":0,"4":0,"5":0,"6":0,"7":0,"8":0,"9":0,"10":0,"11":0,"12":0,"13":0,"14":0,"15":0,"16":0,"17":0,"18":0,"19":0,"20":0,"21":0,"22":0,"23":0,"24":0,"25":0,"26":0,"27":0,"28":0,"29":0,"30":0,"31":0,"32":0,"33":0,"34":0,"35":0,"36":0,"37":0,"38":0,"39":0,"40":0},"f":{"0":0,"1":0,"2":0,"3":0,"4":0,"5":0,"6":0,"7":0,"8":0,"9":0,"10":0},"b":{"0":[0,0],"1":[0,0],"2":[0,0],"3":[0,0],"4":[0,0],"5":[0,0],"6":[0,0]}}
,"D:\\Albiorix\\shopping-cart\\src\\components\\profile\\Profile.tsx": {"path":"D:\\Albiorix\\shopping-cart\\src\\components\\profile\\Profile.tsx","statementMap":{"0":{"start":{"line":3,"column":16},"end":{"line":98,"column":1}},"1":{"start":{"line":4,"column":1},"end":{"line":97,"column":3}}},"fnMap":{"0":{"name":"(anonymous_0)","decl":{"start":{"line":3,"column":16},"end":{"line":3,"column":17}},"loc":{"start":{"line":3,"column":22},"end":{"line":98,"column":1}},"line":3}},"branchMap":{},"s":{"0":0,"1":0},"f":{"0":0},"b":{}}
,"D:\\Albiorix\\shopping-cart\\src\\components\\ui\\Button.tsx": {"path":"D:\\Albiorix\\shopping-cart\\src\\components\\ui\\Button.tsx","statementMap":{"0":{"start":{"line":17,"column":32},"end":{"line":23,"column":1}},"1":{"start":{"line":25,"column":15},"end":{"line":40,"column":1}},"2":{"start":{"line":31,"column":1},"end":{"line":39,"column":3}}},"fnMap":{"0":{"name":"(anonymous_0)","decl":{"start":{"line":25,"column":15},"end":{"line":25,"column":16}},"loc":{"start":{"line":30,"column":17},"end":{"line":40,"column":1}},"line":30},"1":{"name":"(anonymous_1)","decl":{"start":{"line":28,"column":11},"end":{"line":28,"column":12}},"loc":{"start":{"line":28,"column":17},"end":{"line":28,"column":19}},"line":28}},"branchMap":{"0":{"loc":{"start":{"line":28,"column":1},"end":{"line":28,"column":19}},"type":"default-arg","locations":[{"start":{"line":28,"column":11},"end":{"line":28,"column":19}}],"line":28},"1":{"loc":{"start":{"line":29,"column":1},"end":{"line":29,"column":19}},"type":"default-arg","locations":[{"start":{"line":29,"column":14},"end":{"line":29,"column":19}}],"line":29}},"s":{"0":0,"1":0,"2":0},"f":{"0":0,"1":0},"b":{"0":[0],"1":[0]}}
,"D:\\Albiorix\\shopping-cart\\src\\components\\ui\\Header.tsx": {"path":"D:\\Albiorix\\shopping-cart\\src\\components\\ui\\Header.tsx","statementMap":{"0":{"start":{"line":4,"column":15},"end":{"line":59,"column":1}},"1":{"start":{"line":5,"column":18},"end":{"line":5,"column":31}},"2":{"start":{"line":7,"column":22},"end":{"line":12,"column":2}},"3":{"start":{"line":8,"column":2},"end":{"line":8,"column":21}},"4":{"start":{"line":9,"column":2},"end":{"line":9,"column":38}},"5":{"start":{"line":10,"column":2},"end":{"line":10,"column":26}},"6":{"start":{"line":11,"column":2},"end":{"line":11,"column":43}},"7":{"start":{"line":14,"column":1},"end":{"line":58,"column":3}}},"fnMap":{"0":{"name":"(anonymous_0)","decl":{"start":{"line":4,"column":15},"end":{"line":4,"column":16}},"loc":{"start":{"line":4,"column":21},"end":{"line":59,"column":1}},"line":4},"1":{"name":"(anonymous_1)","decl":{"start":{"line":7,"column":22},"end":{"line":7,"column":23}},"loc":{"start":{"line":7,"column":41},"end":{"line":12,"column":2}},"line":7}},"branchMap":{},"s":{"0":0,"1":0,"2":0,"3":0,"4":0,"5":0,"6":0,"7":0},"f":{"0":0,"1":0},"b":{}}
,"D:\\Albiorix\\shopping-cart\\src\\components\\ui\\Loading.tsx": {"path":"D:\\Albiorix\\shopping-cart\\src\\components\\ui\\Loading.tsx","statementMap":{"0":{"start":{"line":1,"column":16},"end":{"line":7,"column":1}},"1":{"start":{"line":2,"column":1},"end":{"line":6,"column":3}}},"fnMap":{"0":{"name":"(anonymous_0)","decl":{"start":{"line":1,"column":16},"end":{"line":1,"column":17}},"loc":{"start":{"line":1,"column":22},"end":{"line":7,"column":1}},"line":1}},"branchMap":{},"s":{"0":0,"1":0},"f":{"0":0},"b":{}}
,"D:\\Albiorix\\shopping-cart\\src\\components\\ui\\PageNotFound.tsx": {"path":"D:\\Albiorix\\shopping-cart\\src\\components\\ui\\PageNotFound.tsx","statementMap":{"0":{"start":{"line":1,"column":21},"end":{"line":3,"column":1}},"1":{"start":{"line":2,"column":1},"end":{"line":2,"column":34}}},"fnMap":{"0":{"name":"(anonymous_0)","decl":{"start":{"line":1,"column":21},"end":{"line":1,"column":22}},"loc":{"start":{"line":1,"column":27},"end":{"line":3,"column":1}},"line":1}},"branchMap":{},"s":{"0":0,"1":0},"f":{"0":0},"b":{}}
,"D:\\Albiorix\\shopping-cart\\src\\components\\ui\\RatingStar.tsx": {"path":"D:\\Albiorix\\shopping-cart\\src\\components\\ui\\RatingStar.tsx","statementMap":{"0":{"start":{"line":1,"column":19},"end":{"line":22,"column":1}},"1":{"start":{"line":2,"column":1},"end":{"line":21,"column":3}}},"fnMap":{"0":{"name":"(anonymous_0)","decl":{"start":{"line":1,"column":19},"end":{"line":1,"column":20}},"loc":{"start":{"line":1,"column":25},"end":{"line":22,"column":1}},"line":1}},"branchMap":{},"s":{"0":0,"1":0},"f":{"0":0},"b":{}}
}
