TN:
SF:src\components\authentication\Auth.tsx
FN:3,(anonymous_0)
FNF:1
FNH:1
FNDA:17,(anonymous_0)
DA:3,5
DA:4,17
LF:2
LH:2
BRF:0
BRH:0
end_of_record
TN:
SF:src\components\authentication\LoginForm.tsx
FN:7,(anonymous_0)
FN:13,(anonymous_1)
FN:15,(anonymous_2)
FN:22,(anonymous_3)
FN:25,(anonymous_4)
FN:34,(anonymous_5)
FNF:6
FNH:6
FNDA:11,(anonymous_0)
FNDA:2,(anonymous_1)
FNDA:2,(anonymous_2)
FNDA:1,(anonymous_3)
FNDA:1,(anonymous_4)
FNDA:1,(anonymous_5)
DA:7,5
DA:8,11
DA:9,11
DA:11,11
DA:13,11
DA:14,2
DA:15,2
DA:20,11
DA:22,11
DA:23,1
DA:24,1
DA:26,1
DA:27,0
DA:28,0
DA:30,1
DA:31,1
DA:32,1
DA:35,1
DA:39,11
LF:19
LH:17
BRDA:26,0,0,0
BRDA:26,0,1,1
BRDA:61,1,0,1
BRDA:61,1,1,10
BRDA:76,2,0,1
BRDA:76,2,1,10
BRDA:84,3,0,0
BRDA:84,3,1,11
BRF:8
BRH:6
end_of_record
TN:
SF:src\components\authentication\ProtectedRoute.tsx
FN:3,(anonymous_0)
FNF:1
FNH:1
FNDA:3,(anonymous_0)
DA:3,2
DA:4,3
DA:5,3
DA:6,3
DA:7,3
DA:13,0
LF:6
LH:5
BRDA:5,0,0,3
BRDA:5,0,1,0
BRDA:7,1,0,3
BRDA:7,1,1,0
BRDA:7,2,0,3
BRDA:7,2,1,3
BRF:6
BRH:4
end_of_record
TN:
SF:src\components\authentication\SignUpForm.tsx
FN:9,(anonymous_0)
FN:25,(anonymous_1)
FN:37,(anonymous_2)
FN:45,(anonymous_3)
FN:56,(anonymous_4)
FN:65,(anonymous_5)
FN:67,(anonymous_6)
FNF:7
FNH:4
FNDA:14,(anonymous_0)
FNDA:0,(anonymous_1)
FNDA:0,(anonymous_2)
FNDA:0,(anonymous_3)
FNDA:4,(anonymous_4)
FNDA:2,(anonymous_5)
FNDA:2,(anonymous_6)
DA:9,5
DA:11,14
DA:12,14
DA:18,14
DA:25,14
DA:26,0
DA:28,0
DA:36,0
DA:38,0
DA:39,0
DA:40,0
DA:42,0
DA:43,0
DA:46,0
DA:52,14
DA:54,14
DA:56,14
DA:57,4
DA:59,4
DA:62,4
DA:64,4
DA:65,2
DA:66,2
DA:67,2
DA:71,14
LF:25
LH:16
BRDA:38,0,0,0
BRDA:38,0,1,0
BRDA:64,1,0,2
BRDA:64,1,1,2
BRDA:66,2,0,2
BRDA:66,2,1,0
BRDA:88,3,0,14
BRDA:88,3,1,1
BRDA:103,4,0,14
BRDA:103,4,1,1
BRDA:118,5,0,14
BRDA:118,5,1,1
BRDA:126,6,0,1
BRDA:126,6,1,13
BRDA:144,7,0,14
BRDA:144,7,1,1
BRDA:153,8,0,1
BRDA:153,8,1,13
BRDA:171,9,0,14
BRDA:171,9,1,1
BRDA:177,10,0,0
BRDA:177,10,1,14
BRF:22
BRH:18
end_of_record
TN:
SF:src\components\authentication\formSchema.tsx
FN:54,(anonymous_0)
FNF:1
FNH:1
FNDA:1,(anonymous_0)
DA:11,5
DA:54,1
LF:2
LH:2
BRF:0
BRH:0
end_of_record
TN:
SF:src\components\cart\CartItem.tsx
FN:19,(anonymous_0)
FN:30,(anonymous_1)
FNF:2
FNH:2
FNDA:19,(anonymous_0)
FNDA:1,(anonymous_1)
DA:19,4
DA:28,19
DA:30,19
DA:31,1
DA:32,1
DA:33,1
DA:34,1
DA:35,1
DA:36,1
DA:37,1
DA:38,1
DA:39,1
DA:45,0
DA:46,0
DA:50,1
DA:54,19
LF:16
LH:14
BRDA:35,0,0,1
BRDA:35,0,1,0
BRDA:37,1,0,1
BRDA:37,1,1,0
BRF:4
BRH:2
end_of_record
TN:
SF:src\components\cart\CartPage.tsx
FN:11,Cart
FN:13,(anonymous_1)
FN:19,(anonymous_2)
FN:20,(anonymous_3)
FN:50,(anonymous_4)
FNF:5
FNH:5
FNDA:34,Cart
FNDA:50,(anonymous_1)
FNDA:6,(anonymous_2)
FNDA:6,(anonymous_3)
FNDA:19,(anonymous_4)
DA:12,34
DA:13,50
DA:14,34
DA:15,34
DA:17,34
DA:19,34
DA:20,6
DA:21,6
DA:22,6
DA:23,6
DA:24,6
DA:25,6
DA:28,0
DA:30,6
DA:33,6
DA:35,34
DA:51,19
LF:17
LH:16
BRDA:24,0,0,6
BRDA:24,0,1,0
BRDA:38,1,0,34
BRDA:38,1,1,12
BRDA:39,2,0,34
BRDA:39,2,1,22
BRDA:41,3,0,3
BRDA:41,3,1,19
BRF:8
BRH:7
end_of_record
TN:
SF:src\components\cart\EmptyCart.tsx
FN:3,EmptyCart
FNF:1
FNH:1
FNDA:3,EmptyCart
DA:4,3
LF:1
LH:1
BRF:0
BRH:0
end_of_record
TN:
SF:src\components\cart\UpdateItemQuantity.tsx
FN:15,(anonymous_0)
FN:23,(anonymous_1)
FN:45,(anonymous_2)
FNF:3
FNH:3
FNDA:51,(anonymous_0)
FNDA:2,(anonymous_1)
FNDA:2,(anonymous_2)
DA:15,8
DA:21,51
DA:23,51
DA:24,2
DA:25,2
DA:26,2
DA:27,2
DA:28,2
DA:29,1
DA:30,1
DA:31,1
DA:32,1
DA:38,0
DA:39,0
DA:41,2
DA:45,51
DA:46,2
DA:47,2
DA:48,2
DA:49,2
DA:50,2
DA:51,2
DA:52,2
DA:53,2
DA:54,2
DA:60,0
DA:61,0
DA:63,2
DA:67,51
LF:29
LH:25
BRDA:28,0,0,1
BRDA:28,0,1,1
BRDA:30,1,0,1
BRDA:30,1,1,0
BRDA:50,2,0,2
BRDA:50,2,1,0
BRDA:52,3,0,2
BRDA:52,3,1,0
BRF:8
BRH:5
end_of_record
TN:
SF:src\components\main-app\Hero.tsx
FN:1,(anonymous_0)
FNF:1
FNH:1
FNDA:8,(anonymous_0)
DA:1,4
DA:2,8
LF:2
LH:2
BRF:0
BRH:0
end_of_record
TN:
SF:src\components\main-app\MainApp.tsx
FN:10,(anonymous_0)
FN:13,handleResize
FN:19,(anonymous_2)
FN:21,(anonymous_3)
FN:24,(anonymous_4)
FN:31,(anonymous_5)
FN:50,(anonymous_6)
FN:55,(anonymous_7)
FN:56,(anonymous_8)
FNF:9
FNH:8
FNDA:8,(anonymous_0)
FNDA:0,handleResize
FNDA:8,(anonymous_2)
FNDA:8,(anonymous_3)
FNDA:8,(anonymous_4)
FNDA:9,(anonymous_5)
FNDA:8,(anonymous_6)
FNDA:8,(anonymous_7)
FNDA:8,(anonymous_8)
DA:10,4
DA:11,8
DA:14,0
DA:17,8
DA:19,8
DA:20,8
DA:21,8
DA:24,8
DA:25,8
DA:26,8
DA:27,8
DA:31,8
DA:32,9
DA:34,9
DA:35,0
DA:36,0
DA:38,9
DA:39,9
DA:43,8
DA:48,8
DA:50,8
DA:51,8
DA:55,8
DA:56,8
DA:57,8
DA:58,8
DA:59,7
DA:61,1
DA:64,8
DA:67,8
LF:30
LH:27
BRDA:34,0,0,0
BRDA:34,0,1,9
BRDA:45,1,0,0
BRDA:45,1,1,8
BRDA:45,2,0,0
BRDA:45,2,1,0
BRF:6
BRH:2
end_of_record
TN:
SF:src\components\product\CartOverview.tsx
FN:5,(anonymous_0)
FN:6,(anonymous_1)
FNF:2
FNH:2
FNDA:16,(anonymous_0)
FNDA:39,(anonymous_1)
DA:5,4
DA:6,39
DA:8,16
LF:3
LH:3
BRDA:11,0,0,11
BRDA:11,0,1,5
BRF:2
BRH:2
end_of_record
TN:
SF:src\components\product\ProductItem.tsx
FN:23,(anonymous_0)
FN:40,(anonymous_1)
FNF:2
FNH:2
FNDA:358,(anonymous_0)
FNDA:7,(anonymous_1)
DA:23,6
DA:34,358
DA:38,358
DA:40,358
DA:41,7
DA:42,7
DA:43,7
DA:44,7
DA:45,7
DA:46,7
DA:47,7
DA:48,7
DA:53,0
DA:54,0
DA:56,7
DA:60,358
LF:16
LH:14
BRDA:34,0,0,358
BRDA:34,0,1,0
BRDA:45,1,0,7
BRDA:45,1,1,0
BRDA:73,2,0,32
BRDA:73,2,1,326
BRF:6
BRH:4
end_of_record
TN:
SF:src\components\product\ProductList.tsx
FN:19,(anonymous_0)
FN:24,(anonymous_1)
FN:27,(anonymous_2)
FN:28,(anonymous_3)
FN:51,(anonymous_4)
FN:52,(anonymous_5)
FNF:6
FNH:6
FNDA:51,(anonymous_0)
FNDA:91,(anonymous_1)
FNDA:13,(anonymous_2)
FNDA:10,(anonymous_3)
FNDA:356,(anonymous_4)
FNDA:248,(anonymous_5)
DA:19,6
DA:21,51
DA:23,51
DA:24,91
DA:27,51
DA:28,13
DA:29,10
DA:30,10
DA:31,9
DA:35,7
DA:37,2
DA:38,2
DA:41,13
DA:44,13
DA:49,51
DA:52,356
DA:53,356
LF:17
LH:17
BRDA:30,0,0,1
BRDA:30,0,1,9
BRDA:31,1,0,7
BRDA:31,1,1,2
BRDA:32,2,0,9
BRDA:32,2,1,9
BRDA:60,3,0,31
BRDA:60,3,1,325
BRF:8
BRH:8
end_of_record
TN:
SF:src\components\product\ProductModal.tsx
FN:16,(anonymous_0)
FN:24,(anonymous_1)
FN:25,(anonymous_2)
FN:28,(anonymous_3)
FN:32,(anonymous_4)
FN:38,(anonymous_5)
FN:43,(anonymous_6)
FN:73,(anonymous_7)
FNF:8
FNH:7
FNDA:51,(anonymous_0)
FNDA:91,(anonymous_1)
FNDA:926,(anonymous_2)
FNDA:91,(anonymous_3)
FNDA:31,(anonymous_4)
FNDA:1,(anonymous_5)
FNDA:0,(anonymous_6)
FNDA:1,(anonymous_7)
DA:16,6
DA:22,51
DA:24,51
DA:25,926
DA:28,51
DA:29,91
DA:32,51
DA:34,51
DA:36,51
DA:38,51
DA:39,1
DA:40,1
DA:43,51
DA:44,0
DA:45,0
DA:46,0
DA:47,0
DA:48,0
DA:49,0
DA:50,0
DA:51,0
DA:56,0
DA:57,0
DA:59,0
DA:63,51
DA:74,1
LF:26
LH:15
BRDA:34,0,0,0
BRDA:34,0,1,51
BRDA:48,1,0,0
BRDA:48,1,1,0
BRDA:66,2,0,2
BRDA:66,2,1,49
BRDA:66,3,0,51
BRDA:66,3,1,51
BRDA:69,4,0,51
BRDA:69,4,1,2
BRDA:92,5,0,0
BRDA:92,5,1,2
BRF:12
BRH:8
end_of_record
TN:
SF:src\components\product\ProductSection.tsx
FN:8,(anonymous_0)
FN:10,(anonymous_1)
FN:12,(anonymous_2)
FN:19,(anonymous_3)
FN:53,(anonymous_4)
FN:57,(anonymous_5)
FN:58,(anonymous_6)
FN:70,(anonymous_7)
FN:80,(anonymous_8)
FN:95,(anonymous_9)
FN:101,(anonymous_10)
FNF:11
FNH:8
FNDA:26,(anonymous_0)
FNDA:66,(anonymous_1)
FNDA:66,(anonymous_2)
FNDA:0,(anonymous_3)
FNDA:1,(anonymous_4)
FNDA:13,(anonymous_5)
FNDA:13,(anonymous_6)
FNDA:0,(anonymous_7)
FNDA:0,(anonymous_8)
FNDA:40,(anonymous_9)
FNDA:1,(anonymous_10)
DA:8,6
DA:9,26
DA:10,66
DA:11,26
DA:12,66
DA:15,26
DA:16,26
DA:17,26
DA:19,26
DA:20,0
DA:22,0
DA:23,0
DA:24,0
DA:25,0
DA:26,0
DA:27,0
DA:30,0
DA:33,0
DA:34,0
DA:41,26
DA:42,26
DA:43,26
DA:45,26
DA:49,26
DA:53,26
DA:54,1
DA:57,26
DA:58,13
DA:59,13
DA:60,12
DA:62,13
DA:65,26
DA:71,0
DA:81,0
DA:82,0
DA:83,0
DA:85,0
DA:86,0
DA:96,40
DA:101,1
LF:40
LH:24
BRDA:25,0,0,0
BRDA:25,0,1,0
BRDA:45,1,0,0
BRDA:45,1,1,26
BRDA:45,2,0,26
BRDA:45,2,1,0
BRDA:49,3,0,0
BRDA:49,3,1,26
BRDA:49,4,0,26
BRDA:49,4,1,0
BRDA:81,5,0,0
BRDA:81,5,1,0
BRDA:98,6,0,20
BRDA:98,6,1,20
BRF:14
BRH:6
end_of_record
TN:
SF:src\components\profile\Profile.tsx
FN:3,(anonymous_0)
FNF:1
FNH:0
FNDA:0,(anonymous_0)
DA:3,1
DA:4,0
LF:2
LH:1
BRF:0
BRH:0
end_of_record
TN:
SF:src\components\ui\Button.tsx
FN:25,(anonymous_0)
FN:28,(anonymous_1)
FNF:2
FNH:1
FNDA:159,(anonymous_0)
FNDA:0,(anonymous_1)
DA:17,8
DA:25,8
DA:31,159
LF:3
LH:3
BRDA:28,0,0,38
BRDA:29,1,0,0
BRF:2
BRH:1
end_of_record
TN:
SF:src\components\ui\Header.tsx
FN:4,(anonymous_0)
FN:7,(anonymous_1)
FNF:2
FNH:2
FNDA:43,(anonymous_0)
FNDA:1,(anonymous_1)
DA:4,6
DA:5,43
DA:7,43
DA:8,1
DA:9,1
DA:10,1
DA:11,1
DA:14,43
LF:8
LH:8
BRF:0
BRH:0
end_of_record
TN:
SF:src\components\ui\Loading.tsx
FN:1,(anonymous_0)
FNF:1
FNH:1
FNDA:12,(anonymous_0)
DA:1,4
DA:2,12
LF:2
LH:2
BRF:0
BRH:0
end_of_record
TN:
SF:src\components\ui\PageNotFound.tsx
FN:1,(anonymous_0)
FNF:1
FNH:0
FNDA:0,(anonymous_0)
DA:1,1
DA:2,0
LF:2
LH:1
BRF:0
BRH:0
end_of_record
