TN:
SF:src\test-utils.tsx
FN:6,(anonymous_0)
FN:10,(anonymous_1)
FNF:2
FNH:0
FNDA:0,(anonymous_0)
FNDA:0,(anonymous_1)
DA:6,0
DA:7,0
DA:10,0
DA:13,0
LF:4
LH:0
BRF:0
BRH:0
end_of_record
TN:
SF:src\components\authentication\Auth.tsx
FN:3,(anonymous_0)
FNF:1
FNH:1
FNDA:6,(anonymous_0)
DA:3,1
DA:4,6
LF:2
LH:2
BRF:0
BRH:0
end_of_record
TN:
SF:src\components\authentication\LoginForm.tsx
FN:7,(anonymous_0)
FN:13,(anonymous_1)
FN:15,(anonymous_2)
FN:22,(anonymous_3)
FN:25,(anonymous_4)
FN:35,(anonymous_5)
FNF:6
FNH:1
FNDA:1,(anonymous_0)
FNDA:0,(anonymous_1)
FNDA:0,(anonymous_2)
FNDA:0,(anonymous_3)
FNDA:0,(anonymous_4)
FNDA:0,(anonymous_5)
DA:7,1
DA:8,1
DA:9,1
DA:11,1
DA:13,1
DA:14,0
DA:15,0
DA:20,1
DA:22,1
DA:23,0
DA:24,0
DA:26,0
DA:27,0
DA:28,0
DA:29,0
DA:31,0
DA:32,0
DA:33,0
DA:36,0
DA:40,1
LF:20
LH:8
BRDA:27,0,0,0
BRDA:27,0,1,0
BRDA:62,1,0,0
BRDA:62,1,1,1
BRDA:77,2,0,0
BRDA:77,2,1,1
BRDA:85,3,0,0
BRDA:85,3,1,1
BRF:8
BRH:3
end_of_record
TN:
SF:src\components\authentication\SignUpForm.tsx
FN:9,(anonymous_0)
FN:26,(anonymous_1)
FN:38,(anonymous_2)
FN:46,(anonymous_3)
FN:57,(anonymous_4)
FN:66,(anonymous_5)
FN:68,(anonymous_6)
FNF:7
FNH:1
FNDA:1,(anonymous_0)
FNDA:0,(anonymous_1)
FNDA:0,(anonymous_2)
FNDA:0,(anonymous_3)
FNDA:0,(anonymous_4)
FNDA:0,(anonymous_5)
FNDA:0,(anonymous_6)
DA:9,1
DA:11,1
DA:12,1
DA:18,1
DA:22,1
DA:26,1
DA:27,0
DA:29,0
DA:37,0
DA:39,0
DA:40,0
DA:41,0
DA:43,0
DA:44,0
DA:47,0
DA:53,1
DA:55,1
DA:57,1
DA:58,0
DA:60,0
DA:63,0
DA:65,0
DA:66,0
DA:67,0
DA:68,0
DA:72,1
LF:26
LH:10
BRDA:39,0,0,0
BRDA:39,0,1,0
BRDA:65,1,0,0
BRDA:65,1,1,0
BRDA:67,2,0,0
BRDA:67,2,1,0
BRDA:89,3,0,1
BRDA:89,3,1,0
BRDA:104,4,0,1
BRDA:104,4,1,0
BRDA:119,5,0,1
BRDA:119,5,1,0
BRDA:127,6,0,0
BRDA:127,6,1,1
BRDA:145,7,0,1
BRDA:145,7,1,0
BRDA:154,8,0,0
BRDA:154,8,1,1
BRDA:172,9,0,1
BRDA:172,9,1,0
BRDA:178,10,0,0
BRDA:178,10,1,1
BRF:22
BRH:8
end_of_record
TN:
SF:src\components\authentication\formSchema.tsx
FN:54,(anonymous_0)
FNF:1
FNH:0
FNDA:0,(anonymous_0)
DA:11,1
DA:54,0
LF:2
LH:1
BRF:0
BRH:0
end_of_record
TN:
SF:src\mocks\handlers.ts
FN:8,(anonymous_0)
FNF:1
FNH:0
FNDA:0,(anonymous_0)
DA:5,1
DA:9,0
LF:2
LH:1
BRF:0
BRH:0
end_of_record
TN:
SF:src\mocks\server.ts
FNF:0
FNH:0
DA:4,1
LF:1
LH:1
BRF:0
BRH:0
end_of_record
